<?xml version="1.0" encoding="UTF-8"?>
<testsuites name="Per Field Validation" time="288.479" tests="2" failures="0" errors="0">
   <testsuite name="Per Field Validation" tests="2" failures="0" errors="0" time="288.479" skipped="0" timestamp="2023-11-20 09:35:54" hostname="HamidSamavat - DESKTOP-BG27TAB" id="Test Suites/Per Field Validation">
      <properties>
         <property name="deviceName" value=""/>
         <property name="devicePlatform" value=""/>
         <property name="logFolder" value="C:\\Users\\HamidSamavat\\Desktop\\Katalon\\Salesforce-MFA-Login-main\\Salesforce-MFA-Login-main\\Reports\\20231120_093550\\Per Field Validation\\20231120_093550"/>
         <property name="logFiles" value="C:\\Users\\HamidSamavat\\Desktop\\Katalon\\Salesforce-MFA-Login-main\\Salesforce-MFA-Login-main\\Reports\\20231120_093550\\Per Field Validation\\20231120_093550\\execution0.log"/>
         <property name="attachments" value="C:\\Users\\HamidSamavat\\Desktop\\Katalon\\Salesforce-MFA-Login-main\\Salesforce-MFA-Login-main\\Reports\\20231120_093550\\Per Field Validation\\20231120_093550\\1700433501203.png, C:\\Users\\HamidSamavat\\Desktop\\Katalon\\Salesforce-MFA-Login-main\\Salesforce-MFA-Login-main\\Reports\\20231120_093550\\Per Field Validation\\20231120_093550\\1700433641820.png"/>
         <property name="hostName" value="HamidSamavat - DESKTOP-BG27TAB"/>
         <property name="os" value="Windows 10 64bit"/>
         <property name="katalonVersion" value="8.6.8.208"/>
         <property name="browser" value="Chrome 119.0.0.0"/>
         <property name="hostAddress" value="192.168.1.127"/>
         <property name="sessionId" value="ee8a82949100317e5bffbeede38fb148"/>
         <property name="seleniumVersion" value="3.141.59"/>
         <property name="proxyInformation" value="ProxyInformation { proxyOption=NO_PROXY, proxyServerType=HTTP, username=, password=********, proxyServerAddress=, proxyServerPort=0, executionList=&quot;&quot;, isApplyToDesiredCapabilities=true }"/>
         <property name="platform" value="Windows 10"/>
      </properties>
      <testcase name="Test Cases/Per-Field-Validation/STM-2420" time="148.148" classname="Test Cases/Per-Field-Validation/STM-2420" status="PASSED">
         <system-out><![CDATA[2023-11-20 09:35:55 - [TEST_CASE][PASSED] - Test Cases/Per-Field-Validation/STM-2420: Test Cases/Per-Field-Validation/STM-2420

2023-11-20 09:35:55 - [TEST_STEP][PASSED] - runFeatureFile("Include/features/Per Field Validation/STM-2420.feature"): Feature file: 'Include/features/Per Field Validation/STM-2420.feature' was passed

2023-11-20 09:35:55 - [MESSAGE][INFO] - Starting run keyword runFeatureFile: 'Include/features/Per Field Validation/STM-2420.feature' and extract report to folder: 'C:\Users\HamidSamavat\Desktop\Katalon\Salesforce-MFA-Login-main\Salesforce-MFA-Login-main\Reports\20231120_093550\Per Field Validation\20231120_093550/cucumber_report/1700433355764'...

2023-11-20 09:35:57 - [TEST_CASE][PASSED] - Start Test Case : SCENARIO Validate Credit Card Payments via a SEW CSO Pulse Front End: SCENARIO Validate Credit Card Payments via a SEW CSO Pulse Front End

2023-11-20 09:35:57 - [TEST_STEP][PASSED] - I open a browser and after I max window I navigate to SF homepage: I open a browser and after I max window I navigate to SF homepage

2023-11-20 09:35:57 - [MESSAGE][INFO] - Starting 'Chrome' driver

2023-11-20 09:35:57 - [MESSAGE][INFO] - Action delay is set to 0 milliseconds

2023-11-20 09:36:00 - [MESSAGE][PASSED] - Browser is opened with url: ''

2023-11-20 09:36:00 - [MESSAGE][PASSED] - Current window maximized

2023-11-20 09:36:01 - [MESSAGE][PASSED] - Navigate to 'https://southeastwater--full2.sandbox.lightning.force.com/lightning/page/home' successfully

2023-11-20 09:36:01 - [MESSAGE][PASSED] - I open a browser and after I max window I navigate to SF homepage

2023-11-20 09:36:01 - [TEST_STEP][PASSED] - I enter my credentials and login to the page: I enter my credentials and login to the page

2023-11-20 09:36:01 - [MESSAGE][PASSED] - Wait for page load successfully

2023-11-20 09:36:02 - [MESSAGE][PASSED] - Object: 'Object Repository/Page_Login  Salesforce/Input-Username' is clicked on

2023-11-20 09:36:03 - [MESSAGE][PASSED] - Text 'hamid.samavat@kjr.com.au' is set on object 'Object Repository/Page_Login  Salesforce/input-username-Text'

2023-11-20 09:36:03 - [MESSAGE][PASSED] - Object: 'Object Repository/Page_Login  Salesforce/input-username-next' is clicked on

2023-11-20 09:36:04 - [MESSAGE][PASSED] - Object: 'Object Repository/Page_Login  Salesforce/input_Password_pw' is clicked on

2023-11-20 09:36:05 - [MESSAGE][PASSED] - Text ****** has been set on object 'Object Repository/Page_Login  Salesforce/input_Password_pw'

2023-11-20 09:36:05 - [MESSAGE][PASSED] - Object: 'Object Repository/Page_Login  Salesforce/input_Password_Login' is clicked on

2023-11-20 09:36:20 - [MESSAGE][PASSED] - Delayed 15 second(s)

2023-11-20 09:36:28 - [MESSAGE][PASSED] - Object: 'Object Repository/Page_Login  Salesforce/Yes button' is clicked on

2023-11-20 09:36:28 - [MESSAGE][PASSED] - I enter my credentials and login to the page

2023-11-20 09:36:28 - [TEST_STEP][PASSED] - I click on the Gear icon and open the setup page: I click on the Gear icon and open the setup page

2023-11-20 09:36:31 - [MESSAGE][PASSED] - Object: 'Object Repository/home page/Gear icon' is clicked on

2023-11-20 09:36:31 - [MESSAGE][PASSED] - Object: 'Object Repository/home page/Setup' is clicked on

2023-11-20 09:36:31 - [MESSAGE][PASSED] - I click on the Gear icon and open the setup page

2023-11-20 09:36:31 - [TEST_STEP][PASSED] - I click on the Search and search for Frank Murray: I click on the Search and search for Frank Murray

2023-11-20 09:36:34 - [MESSAGE][PASSED] - Object: 'Object Repository/Home-Setup/Search' is clicked on

2023-11-20 09:36:34 - [MESSAGE][PASSED] - Switched to window with index: '1'

2023-11-20 09:36:36 - [MESSAGE][PASSED] - Text 'Frank Murray' is set on object 'Object Repository/Home-Setup/Search-add-values'

2023-11-20 09:36:37 - [MESSAGE][PASSED] - Keys 'ENTER + ' sent to object: 'Object Repository/Home-Setup/Search-add-values'

2023-11-20 09:36:42 - [MESSAGE][PASSED] - Delayed 5 second(s)

2023-11-20 09:36:42 - [MESSAGE][PASSED] - Object 'Object Repository/Home-Setup/Frank Murray' is clickable

2023-11-20 09:36:42 - [MESSAGE][PASSED] - Object: 'Object Repository/Home-Setup/Frank Murray' is clicked on

2023-11-20 09:36:44 - [MESSAGE][PASSED] - Object 'Object Repository/IFrames/setup-users' is present

2023-11-20 09:36:44 - [MESSAGE][PASSED] - I click on the Search and search for Frank Murray

2023-11-20 09:36:44 - [TEST_STEP][PASSED] - I click on the login button on setup user page for Frank Murray: I click on the login button on setup user page for Frank Murray

2023-11-20 09:36:45 - [MESSAGE][PASSED] - Object: 'Object Repository/IFrames/login button' is clicked on

2023-11-20 09:36:45 - [MESSAGE][PASSED] - I click on the login button on setup user page for Frank Murray

2023-11-20 09:36:45 - [TEST_STEP][PASSED] - I try fo find billing acount 1042163: I try fo find billing acount 1042163

2023-11-20 09:36:55 - [MESSAGE][PASSED] - Delayed 10 second(s)

2023-11-20 09:36:55 - [MESSAGE][PASSED] - Object: 'Object Repository/Service-Console/search catagory' is clicked on

2023-11-20 09:36:56 - [MESSAGE][PASSED] - Object: 'Object Repository/Service-Console/Billing-Account-Search-Box' is clicked on

2023-11-20 09:36:56 - [MESSAGE][PASSED] - Object 'Object Repository/Service-Console/Search box' is present

2023-11-20 09:36:57 - [MESSAGE][PASSED] - Text '1042163' is set on object 'Object Repository/Service-Console/Search box'

2023-11-20 09:36:58 - [MESSAGE][PASSED] - Keys 'ENTER + ' sent to object: 'Object Repository/Service-Console/Search box'

2023-11-20 09:36:59 - [MESSAGE][PASSED] - Object 'Object Repository/Service-Console/Billing-Account' is clickable

2023-11-20 09:37:20 - [MESSAGE][PASSED] - Delayed 20 second(s)

2023-11-20 09:37:20 - [MESSAGE][PASSED] - I try fo find billing acount 1042163

2023-11-20 09:37:20 - [TEST_STEP][PASSED] - I Delete the unnecessary cookies: I Delete the unnecessary cookies

2023-11-20 09:37:20 - [TEST_CASE][PASSED] - Test Cases/DeleteSfCookies: Test Cases/DeleteSfCookies

2023-11-20 09:37:20 - [TEST_STEP][PASSED] - driver = getWebDriver(): null

2023-11-20 09:37:20 - [TEST_STEP][PASSED] - cookies = manage().getCookies(): null

2023-11-20 09:37:20 - [TEST_STEP][PASSED] - for (org.openqa.selenium.Cookie cookie : cookies): null

2023-11-20 09:37:20 - [MESSAGE][PASSED] - Call Test Case 'Test Cases/DeleteSfCookies' successfully

2023-11-20 09:37:20 - [MESSAGE][PASSED] - I Delete the unnecessary cookies

2023-11-20 09:37:20 - [TEST_STEP][PASSED] - I reload the page: I reload the page

2023-11-20 09:37:30 - [MESSAGE][PASSED] - Delayed 10 second(s)

2023-11-20 09:37:31 - [MESSAGE][PASSED] - Navigate to 'https://southeastwater--full2.sandbox.lightning.force.com/lightning/r/Billing_Account__c/a0890000007a0l6AAA/view' successfully

2023-11-20 09:37:31 - [MESSAGE][PASSED] - I reload the page

2023-11-20 09:37:31 - [TEST_STEP][PASSED] - I click on CCPaument button for Frank Murray: I click on CCPaument button for Frank Murray

2023-11-20 09:37:41 - [MESSAGE][PASSED] - Delayed 10 second(s)

2023-11-20 09:37:42 - [MESSAGE][PASSED] - Object: 'Object Repository/Billing-Account-Num/Button-List/CCPayment' is clicked on

2023-11-20 09:37:52 - [MESSAGE][PASSED] - Delayed 10 second(s)

2023-11-20 09:38:02 - [MESSAGE][PASSED] - Delayed 10 second(s)

2023-11-20 09:38:02 - [MESSAGE][PASSED] - I click on CCPaument button for Frank Murray

2023-11-20 09:38:02 - [TEST_STEP][PASSED] - I click on Credit Card Type and select Visa for AARON P CROSS: I click on Credit Card Type and select Visa for AARON P CROSS

2023-11-20 09:38:03 - [MESSAGE][PASSED] - All options with value 'Visa' are selected in object 'Object Repository/IFrames/Pay Bill/Credit Card Type'  using regular expression

2023-11-20 09:38:03 - [MESSAGE][PASSED] - I click on Credit Card Type and select Visa for AARON P CROSS

2023-11-20 09:38:03 - [TEST_STEP][PASSED] - I enter credit card number for AARON P CROSS: I enter credit card number for AARON P CROSS

2023-11-20 09:38:03 - [MESSAGE][PASSED] - Text '4005' is set on object 'Object Repository/IFrames/Pay Bill/Credit Card num 1'

2023-11-20 09:38:03 - [MESSAGE][PASSED] - Text '5500' is set on object 'Object Repository/IFrames/Pay Bill/Credit Card num 2'

2023-11-20 09:38:03 - [MESSAGE][PASSED] - Text '0000' is set on object 'Object Repository/IFrames/Pay Bill/Credit Card num 3'

2023-11-20 09:38:04 - [MESSAGE][PASSED] - Text '0001' is set on object 'Object Repository/IFrames/Pay Bill/Credit Card num 4'

2023-11-20 09:38:04 - [MESSAGE][PASSED] - I enter credit card number for AARON P CROSS

2023-11-20 09:38:04 - [TEST_STEP][PASSED] - I set the expiry date: I set the expiry date

2023-11-20 09:38:04 - [MESSAGE][PASSED] - Object: 'Object Repository/IFrames/Pay Bill/Expiry Date Month' is clicked on

2023-11-20 09:38:04 - [MESSAGE][PASSED] - All options with value '03' are selected in object 'Object Repository/IFrames/Pay Bill/Expiry Date Month'  using regular expression

2023-11-20 09:38:09 - [MESSAGE][PASSED] - Delayed 5 second(s)

2023-11-20 09:38:09 - [MESSAGE][PASSED] - Object: 'Object Repository/IFrames/Pay Bill/Expiry Date Year' is clicked on

2023-11-20 09:38:10 - [MESSAGE][PASSED] - All options with value '2027' are selected in object 'Object Repository/IFrames/Pay Bill/Expiry Date Year'  using regular expression

2023-11-20 09:38:10 - [MESSAGE][PASSED] - I set the expiry date

2023-11-20 09:38:10 - [TEST_STEP][PASSED] - I set the customer name: I set the customer name

2023-11-20 09:38:10 - [MESSAGE][PASSED] - Text 'AARON P CROSS' is set on object 'Object Repository/IFrames/Pay Bill/Name on card'

2023-11-20 09:38:10 - [MESSAGE][PASSED] - I set the customer name

2023-11-20 09:38:10 - [TEST_STEP][PASSED] - I set the CVV: I set the CVV

2023-11-20 09:38:10 - [MESSAGE][PASSED] - Text '326' is set on object 'Object Repository/IFrames/Pay Bill/CVN'

2023-11-20 09:38:10 - [MESSAGE][PASSED] - I set the CVV

2023-11-20 09:38:10 - [TEST_STEP][PASSED] - I set the Amount: I set the Amount

2023-11-20 09:38:11 - [MESSAGE][PASSED] - Text '150' is set on object 'Object Repository/IFrames/Pay Bill/Amount'

2023-11-20 09:38:11 - [MESSAGE][PASSED] - I set the Amount

2023-11-20 09:38:11 - [TEST_STEP][PASSED] - I enter on Submit to submit the payment form: I enter on Submit to submit the payment form

2023-11-20 09:38:11 - [MESSAGE][PASSED] - Keys 'ENTER + ' sent to object: 'Object Repository/IFrames/Pay Bill/Submit(pay bill)'

2023-11-20 09:38:11 - [MESSAGE][PASSED] - I enter on Submit to submit the payment form

2023-11-20 09:38:11 - [TEST_STEP][PASSED] - I take an screenshot of the successful payment page: I take an screenshot of the successful payment page

2023-11-20 09:38:21 - [MESSAGE][PASSED] - Delayed 10 second(s)

2023-11-20 09:38:22 - [MESSAGE][INFO] - 0 hidden object(s)

2023-11-20 09:38:22 - [MESSAGE][PASSED] - Taking screenshot successfully
[[ATTACHMENT|C:\\Users\\HamidSamavat\\Desktop\\Katalon\\Salesforce-MFA-Login-main\\Salesforce-MFA-Login-main\\Reports\\20231120_093550\\Per Field Validation\\20231120_093550\\1700433501203.png]]

2023-11-20 09:38:23 - [MESSAGE][PASSED] - Browser is closed

2023-11-20 09:38:23 - [MESSAGE][PASSED] - I take an screenshot of the successful payment page

2023-11-20 09:38:23 - [MESSAGE][PASSED] - Feature file: 'Include/features/Per Field Validation/STM-2420.feature' was passed]]></system-out>
         <system-err><![CDATA[]]></system-err>
      </testcase>
      <testcase name="Test Cases/Per-Field-Validation/STM-3287" time="139.983" classname="Test Cases/Per-Field-Validation/STM-3287" status="PASSED">
         <system-out><![CDATA[2023-11-20 09:38:23 - [TEST_CASE][PASSED] - Test Cases/Per-Field-Validation/STM-3287: Test Cases/Per-Field-Validation/STM-3287

2023-11-20 09:38:23 - [TEST_STEP][PASSED] - runFeatureFile("Include/features/Per Field Validation/STM-3287.feature"): Feature file: 'Include/features/Per Field Validation/STM-3287.feature' was passed

2023-11-20 09:38:23 - [MESSAGE][INFO] - Starting run keyword runFeatureFile: 'Include/features/Per Field Validation/STM-3287.feature' and extract report to folder: 'C:\Users\HamidSamavat\Desktop\Katalon\Salesforce-MFA-Login-main\Salesforce-MFA-Login-main\Reports\20231120_093550\Per Field Validation\20231120_093550/cucumber_report/1700433503461'...

2023-11-20 09:38:23 - [TEST_CASE][PASSED] - Start Test Case : SCENARIO Validate Credit Card Payments via a SEW CSO Pulse Front End - Incorrect Card Type: SCENARIO Validate Credit Card Payments via a SEW CSO Pulse Front End - Incorrect Card Type

2023-11-20 09:38:23 - [TEST_STEP][PASSED] - I open a browser and after I max window I navigate to SF homepage: I open a browser and after I max window I navigate to SF homepage

2023-11-20 09:38:23 - [MESSAGE][INFO] - Starting 'Chrome' driver

2023-11-20 09:38:23 - [MESSAGE][INFO] - Action delay is set to 0 milliseconds

2023-11-20 09:38:25 - [MESSAGE][PASSED] - Browser is opened with url: ''

2023-11-20 09:38:25 - [MESSAGE][PASSED] - Current window maximized

2023-11-20 09:38:26 - [MESSAGE][PASSED] - Navigate to 'https://southeastwater--full2.sandbox.lightning.force.com/lightning/page/home' successfully

2023-11-20 09:38:26 - [MESSAGE][PASSED] - I open a browser and after I max window I navigate to SF homepage

2023-11-20 09:38:26 - [TEST_STEP][PASSED] - I enter my credentials and login to the page: I enter my credentials and login to the page

2023-11-20 09:38:26 - [MESSAGE][PASSED] - Wait for page load successfully

2023-11-20 09:38:27 - [MESSAGE][PASSED] - Object: 'Object Repository/Page_Login  Salesforce/Input-Username' is clicked on

2023-11-20 09:38:27 - [MESSAGE][PASSED] - Text 'hamid.samavat@kjr.com.au' is set on object 'Object Repository/Page_Login  Salesforce/input-username-Text'

2023-11-20 09:38:28 - [MESSAGE][PASSED] - Object: 'Object Repository/Page_Login  Salesforce/input-username-next' is clicked on

2023-11-20 09:38:29 - [MESSAGE][PASSED] - Object: 'Object Repository/Page_Login  Salesforce/input_Password_pw' is clicked on

2023-11-20 09:38:29 - [MESSAGE][PASSED] - Text ****** has been set on object 'Object Repository/Page_Login  Salesforce/input_Password_pw'

2023-11-20 09:38:30 - [MESSAGE][PASSED] - Object: 'Object Repository/Page_Login  Salesforce/input_Password_Login' is clicked on

2023-11-20 09:38:45 - [MESSAGE][PASSED] - Delayed 15 second(s)

2023-11-20 09:38:49 - [MESSAGE][PASSED] - Object: 'Object Repository/Page_Login  Salesforce/Yes button' is clicked on

2023-11-20 09:38:49 - [MESSAGE][PASSED] - I enter my credentials and login to the page

2023-11-20 09:38:49 - [TEST_STEP][PASSED] - I click on the Gear icon and open the setup page: I click on the Gear icon and open the setup page

2023-11-20 09:38:51 - [MESSAGE][PASSED] - Object: 'Object Repository/home page/Gear icon' is clicked on

2023-11-20 09:38:52 - [MESSAGE][PASSED] - Object: 'Object Repository/home page/Setup' is clicked on

2023-11-20 09:38:52 - [MESSAGE][PASSED] - I click on the Gear icon and open the setup page

2023-11-20 09:38:52 - [TEST_STEP][PASSED] - I click on the Search and search for Frank Murray: I click on the Search and search for Frank Murray

2023-11-20 09:38:53 - [MESSAGE][PASSED] - Object: 'Object Repository/Home-Setup/Search' is clicked on

2023-11-20 09:38:54 - [MESSAGE][PASSED] - Switched to window with index: '1'

2023-11-20 09:38:55 - [MESSAGE][PASSED] - Text 'Frank Murray' is set on object 'Object Repository/Home-Setup/Search-add-values'

2023-11-20 09:38:58 - [MESSAGE][PASSED] - Keys 'ENTER + ' sent to object: 'Object Repository/Home-Setup/Search-add-values'

2023-11-20 09:39:03 - [MESSAGE][PASSED] - Delayed 5 second(s)

2023-11-20 09:39:03 - [MESSAGE][PASSED] - Object 'Object Repository/Home-Setup/Frank Murray' is clickable

2023-11-20 09:39:03 - [MESSAGE][PASSED] - Object: 'Object Repository/Home-Setup/Frank Murray' is clicked on

2023-11-20 09:39:05 - [MESSAGE][PASSED] - Object 'Object Repository/IFrames/setup-users' is present

2023-11-20 09:39:06 - [MESSAGE][PASSED] - I click on the Search and search for Frank Murray

2023-11-20 09:39:06 - [TEST_STEP][PASSED] - I click on the login button on setup user page for Frank Murray: I click on the login button on setup user page for Frank Murray

2023-11-20 09:39:06 - [MESSAGE][PASSED] - Object: 'Object Repository/IFrames/login button' is clicked on

2023-11-20 09:39:06 - [MESSAGE][PASSED] - I click on the login button on setup user page for Frank Murray

2023-11-20 09:39:06 - [TEST_STEP][PASSED] - I try fo find billing acount 1042163: I try fo find billing acount 1042163

2023-11-20 09:39:16 - [MESSAGE][PASSED] - Delayed 10 second(s)

2023-11-20 09:39:16 - [MESSAGE][PASSED] - Object: 'Object Repository/Service-Console/search catagory' is clicked on

2023-11-20 09:39:17 - [MESSAGE][PASSED] - Object: 'Object Repository/Service-Console/Billing-Account-Search-Box' is clicked on

2023-11-20 09:39:17 - [MESSAGE][PASSED] - Object 'Object Repository/Service-Console/Search box' is present

2023-11-20 09:39:18 - [MESSAGE][PASSED] - Text '1042163' is set on object 'Object Repository/Service-Console/Search box'

2023-11-20 09:39:19 - [MESSAGE][PASSED] - Keys 'ENTER + ' sent to object: 'Object Repository/Service-Console/Search box'

2023-11-20 09:39:20 - [MESSAGE][PASSED] - Object 'Object Repository/Service-Console/Billing-Account' is clickable

2023-11-20 09:39:41 - [MESSAGE][PASSED] - Delayed 20 second(s)

2023-11-20 09:39:41 - [MESSAGE][PASSED] - I try fo find billing acount 1042163

2023-11-20 09:39:41 - [TEST_STEP][PASSED] - I Delete the unnecessary cookies: I Delete the unnecessary cookies

2023-11-20 09:39:41 - [TEST_CASE][PASSED] - Test Cases/DeleteSfCookies: Test Cases/DeleteSfCookies

2023-11-20 09:39:41 - [TEST_STEP][PASSED] - driver = getWebDriver(): null

2023-11-20 09:39:41 - [TEST_STEP][PASSED] - cookies = manage().getCookies(): null

2023-11-20 09:39:41 - [TEST_STEP][PASSED] - for (org.openqa.selenium.Cookie cookie : cookies): null

2023-11-20 09:39:41 - [MESSAGE][PASSED] - Call Test Case 'Test Cases/DeleteSfCookies' successfully

2023-11-20 09:39:41 - [MESSAGE][PASSED] - I Delete the unnecessary cookies

2023-11-20 09:39:41 - [TEST_STEP][PASSED] - I reload the page: I reload the page

2023-11-20 09:39:51 - [MESSAGE][PASSED] - Delayed 10 second(s)

2023-11-20 09:39:52 - [MESSAGE][PASSED] - Navigate to 'https://southeastwater--full2.sandbox.lightning.force.com/lightning/r/Billing_Account__c/a0890000007a0l6AAA/view' successfully

2023-11-20 09:39:52 - [MESSAGE][PASSED] - I reload the page

2023-11-20 09:39:52 - [TEST_STEP][PASSED] - I click on CCPaument button for Frank Murray: I click on CCPaument button for Frank Murray

2023-11-20 09:40:02 - [MESSAGE][PASSED] - Delayed 10 second(s)

2023-11-20 09:40:03 - [MESSAGE][PASSED] - Object: 'Object Repository/Billing-Account-Num/Button-List/CCPayment' is clicked on

2023-11-20 09:40:13 - [MESSAGE][PASSED] - Delayed 10 second(s)

2023-11-20 09:40:23 - [MESSAGE][PASSED] - Delayed 10 second(s)

2023-11-20 09:40:23 - [MESSAGE][PASSED] - I click on CCPaument button for Frank Murray

2023-11-20 09:40:23 - [TEST_STEP][PASSED] - I click on Credit Card Type and select Master for AARON P CROSS for negative scenario: I click on Credit Card Type and select Master for AARON P CROSS for negative scenario

2023-11-20 09:40:24 - [MESSAGE][PASSED] - All options with value 'MasterCard' are selected in object 'Object Repository/IFrames/Pay Bill/Credit Card Type'  using regular expression

2023-11-20 09:40:24 - [MESSAGE][PASSED] - I click on Credit Card Type and select Master for AARON P CROSS for negative scenario

2023-11-20 09:40:24 - [TEST_STEP][PASSED] - I enter credit card number for AARON P CROSS for negative scenario: I enter credit card number for AARON P CROSS for negative scenario

2023-11-20 09:40:24 - [MESSAGE][PASSED] - Text '4005' is set on object 'Object Repository/IFrames/Pay Bill/Credit Card num 1'

2023-11-20 09:40:24 - [MESSAGE][PASSED] - Text '5500' is set on object 'Object Repository/IFrames/Pay Bill/Credit Card num 2'

2023-11-20 09:40:24 - [MESSAGE][PASSED] - Text '0000' is set on object 'Object Repository/IFrames/Pay Bill/Credit Card num 3'

2023-11-20 09:40:24 - [MESSAGE][PASSED] - Text '0001' is set on object 'Object Repository/IFrames/Pay Bill/Credit Card num 4'

2023-11-20 09:40:24 - [MESSAGE][PASSED] - I enter credit card number for AARON P CROSS for negative scenario

2023-11-20 09:40:24 - [TEST_STEP][PASSED] - I set the Expiry Date for negative scenario: I set the Expiry Date for negative scenario

2023-11-20 09:40:24 - [MESSAGE][PASSED] - Object: 'Object Repository/IFrames/Pay Bill/Expiry Date Month' is clicked on

2023-11-20 09:40:25 - [MESSAGE][PASSED] - All options with value '03' are selected in object 'Object Repository/IFrames/Pay Bill/Expiry Date Month'  using regular expression

2023-11-20 09:40:30 - [MESSAGE][PASSED] - Delayed 5 second(s)

2023-11-20 09:40:30 - [MESSAGE][PASSED] - Object: 'Object Repository/IFrames/Pay Bill/Expiry Date Year' is clicked on

2023-11-20 09:40:31 - [MESSAGE][PASSED] - All options with value '2027' are selected in object 'Object Repository/IFrames/Pay Bill/Expiry Date Year'  using regular expression

2023-11-20 09:40:31 - [MESSAGE][PASSED] - I set the Expiry Date for negative scenario

2023-11-20 09:40:31 - [TEST_STEP][PASSED] - I set the customer name for negative scenario: I set the customer name for negative scenario

2023-11-20 09:40:31 - [MESSAGE][PASSED] - Text 'AARON P CROSS' is set on object 'Object Repository/IFrames/Pay Bill/Name on card'

2023-11-20 09:40:31 - [MESSAGE][PASSED] - I set the customer name for negative scenario

2023-11-20 09:40:31 - [TEST_STEP][PASSED] - I set the CVV for negative scenario: I set the CVV for negative scenario

2023-11-20 09:40:31 - [MESSAGE][PASSED] - Text '326' is set on object 'Object Repository/IFrames/Pay Bill/CVN'

2023-11-20 09:40:31 - [MESSAGE][PASSED] - I set the CVV for negative scenario

2023-11-20 09:40:31 - [TEST_STEP][PASSED] - I set the Amount for negative scenario: I set the Amount for negative scenario

2023-11-20 09:40:31 - [MESSAGE][PASSED] - Text '150' is set on object 'Object Repository/IFrames/Pay Bill/Amount'

2023-11-20 09:40:31 - [MESSAGE][PASSED] - I set the Amount for negative scenario

2023-11-20 09:40:31 - [TEST_STEP][PASSED] - I enter on Submit to submit the payment form for negative scenario: I enter on Submit to submit the payment form for negative scenario

2023-11-20 09:40:31 - [MESSAGE][PASSED] - Keys 'ENTER + ' sent to object: 'Object Repository/IFrames/Pay Bill/Submit(pay bill)'

2023-11-20 09:40:31 - [MESSAGE][PASSED] - I enter on Submit to submit the payment form for negative scenario

2023-11-20 09:40:31 - [TEST_STEP][PASSED] - I take an screenshot of the not successful payment page: I take an screenshot of the not successful payment page

2023-11-20 09:40:41 - [MESSAGE][PASSED] - Delayed 10 second(s)

2023-11-20 09:40:42 - [MESSAGE][INFO] - 0 hidden object(s)

2023-11-20 09:40:42 - [MESSAGE][PASSED] - Taking screenshot successfully
[[ATTACHMENT|C:\\Users\\HamidSamavat\\Desktop\\Katalon\\Salesforce-MFA-Login-main\\Salesforce-MFA-Login-main\\Reports\\20231120_093550\\Per Field Validation\\20231120_093550\\1700433641820.png]]

2023-11-20 09:40:43 - [MESSAGE][PASSED] - Browser is closed

2023-11-20 09:40:43 - [MESSAGE][PASSED] - I take an screenshot of the not successful payment page

2023-11-20 09:40:43 - [MESSAGE][PASSED] - Feature file: 'Include/features/Per Field Validation/STM-3287.feature' was passed]]></system-out>
         <system-err><![CDATA[]]></system-err>
      </testcase>
      <system-out><![CDATA[2023-11-20 09:35:54 - [TEST_SUITE][PASSED] - Per Field Validation: Test Cases/Per-Field-Validation/STM-3287]]></system-out>
      <system-err><![CDATA[]]></system-err>
   </testsuite>
</testsuites>
