<?xml version="1.0" encoding="UTF-8"?>
<testsuites name="STM-2485" time="179.091" tests="2" failures="0" errors="0">
   <testsuite name="STM-2485" tests="2" failures="0" errors="0" time="179.091" skipped="0" timestamp="2023-11-14 10:29:38" hostname="HamidSamavat - DESKTOP-BG27TAB" id="Test Suites/STM-2485">
      <properties>
         <property name="deviceName" value=""/>
         <property name="devicePlatform" value=""/>
         <property name="logFolder" value="C:\\Users\\HamidSamavat\\Desktop\\Katalon\\Salesforce-MFA-Login-main\\Salesforce-MFA-Login-main\\Reports\\20231114_102933\\STM-2485\\20231114_102934"/>
         <property name="logFiles" value="C:\\Users\\HamidSamavat\\Desktop\\Katalon\\Salesforce-MFA-Login-main\\Salesforce-MFA-Login-main\\Reports\\20231114_102933\\STM-2485\\20231114_102934\\execution0.log"/>
         <property name="attachments" value="C:\\Users\\HamidSamavat\\Desktop\\Katalon\\Salesforce-MFA-Login-main\\Salesforce-MFA-Login-main\\Reports\\20231114_102933\\STM-2485\\20231114_102934\\1699918355231.png"/>
         <property name="hostName" value="HamidSamavat - DESKTOP-BG27TAB"/>
         <property name="os" value="Windows 10 64bit"/>
         <property name="katalonVersion" value="8.6.8.208"/>
         <property name="browser" value="Chrome 119.0.0.0"/>
         <property name="hostAddress" value="192.168.1.127"/>
         <property name="sessionId" value="93a2bd8ac68a058ce03fc0378e7b8cf6"/>
         <property name="seleniumVersion" value="3.141.59"/>
         <property name="proxyInformation" value="ProxyInformation { proxyOption=NO_PROXY, proxyServerType=HTTP, username=, password=********, proxyServerAddress=, proxyServerPort=0, executionList=&quot;&quot;, isApplyToDesiredCapabilities=true }"/>
         <property name="platform" value="Windows 10"/>
      </properties>
      <testcase name="Test Cases/Concession-Managment/STM-2485/STM-2485-Iteration1" time="92.685" classname="Test Cases/Concession-Managment/STM-2485/STM-2485-Iteration1" status="PASSED">
         <system-out><![CDATA[2023-11-14 10:29:38 - [TEST_CASE][PASSED] - Test Cases/Concession-Managment/STM-2485/STM-2485-Iteration1: Test Cases/Concession-Managment/STM-2485/STM-2485-Iteration1

2023-11-14 10:29:39 - [TEST_STEP][PASSED] - openBrowser(""): Browser is opened with url: ''

2023-11-14 10:29:39 - [MESSAGE][INFO] - Starting 'Chrome' driver

2023-11-14 10:29:39 - [MESSAGE][INFO] - Action delay is set to 0 milliseconds

2023-11-14 10:29:41 - [MESSAGE][PASSED] - Browser is opened with url: ''

2023-11-14 10:29:41 - [TEST_STEP][PASSED] - maximizeWindow(): Current window maximized

2023-11-14 10:29:42 - [MESSAGE][PASSED] - Current window maximized

2023-11-14 10:29:42 - [TEST_STEP][PASSED] - navigateToUrl("https://southeastwater--full2.sandbox.lightning.force.com/lightning/page/home"): Navigate to 'https://southeastwater--full2.sandbox.lightning.force.com/lightning/page/home' successfully

2023-11-14 10:29:42 - [MESSAGE][PASSED] - Navigate to 'https://southeastwater--full2.sandbox.lightning.force.com/lightning/page/home' successfully

2023-11-14 10:29:42 - [TEST_STEP][PASSED] - waitForPageLoad(10, STOP_ON_FAILURE): Wait for page load successfully

2023-11-14 10:29:43 - [MESSAGE][PASSED] - Wait for page load successfully

2023-11-14 10:29:43 - [TEST_STEP][PASSED] - click(findTestObject("Page_Login  Salesforce/Input-Username")): Object: 'Object Repository/Page_Login  Salesforce/Input-Username' is clicked on

2023-11-14 10:29:44 - [MESSAGE][PASSED] - Object: 'Object Repository/Page_Login  Salesforce/Input-Username' is clicked on

2023-11-14 10:29:44 - [TEST_STEP][PASSED] - setText(findTestObject("Page_Login  Salesforce/input-username-Text"), "hamid.samavat@kjr.com.au"): Text 'hamid.samavat@kjr.com.au' is set on object 'Object Repository/Page_Login  Salesforce/input-username-Text'

2023-11-14 10:29:44 - [MESSAGE][PASSED] - Text 'hamid.samavat@kjr.com.au' is set on object 'Object Repository/Page_Login  Salesforce/input-username-Text'

2023-11-14 10:29:44 - [TEST_STEP][PASSED] - click(findTestObject("Page_Login  Salesforce/input-username-next")): Object: 'Object Repository/Page_Login  Salesforce/input-username-next' is clicked on

2023-11-14 10:29:45 - [MESSAGE][PASSED] - Object: 'Object Repository/Page_Login  Salesforce/input-username-next' is clicked on

2023-11-14 10:29:45 - [TEST_STEP][PASSED] - click(findTestObject("Page_Login  Salesforce/input_Password_pw")): Object: 'Object Repository/Page_Login  Salesforce/input_Password_pw' is clicked on

2023-11-14 10:29:46 - [MESSAGE][PASSED] - Object: 'Object Repository/Page_Login  Salesforce/input_Password_pw' is clicked on

2023-11-14 10:29:46 - [TEST_STEP][PASSED] - setEncryptedText(findTestObject("Object Repository/Page_Login  Salesforce/input_Password_pw"), "1SfOns6koWoi404fwi/OCQ=="): Text ****** has been set on object 'Object Repository/Page_Login  Salesforce/input_Password_pw'

2023-11-14 10:29:46 - [MESSAGE][PASSED] - Text ****** has been set on object 'Object Repository/Page_Login  Salesforce/input_Password_pw'

2023-11-14 10:29:47 - [TEST_STEP][PASSED] - click(findTestObject("Object Repository/Page_Login  Salesforce/input_Password_Login")): Object: 'Object Repository/Page_Login  Salesforce/input_Password_Login' is clicked on

2023-11-14 10:29:47 - [MESSAGE][PASSED] - Object: 'Object Repository/Page_Login  Salesforce/input_Password_Login' is clicked on

2023-11-14 10:29:47 - [TEST_STEP][PASSED] - delay(15): Delayed 15 second(s)

2023-11-14 10:30:03 - [MESSAGE][PASSED] - Delayed 15 second(s)

2023-11-14 10:30:03 - [TEST_STEP][PASSED] - click(findTestObject("Page_Login  Salesforce/Yes button")): Object: 'Object Repository/Page_Login  Salesforce/Yes button' is clicked on

2023-11-14 10:30:07 - [MESSAGE][PASSED] - Object: 'Object Repository/Page_Login  Salesforce/Yes button' is clicked on

2023-11-14 10:30:07 - [TEST_STEP][PASSED] - click(findTestObject("home page/Gear icon")): Object: 'Object Repository/home page/Gear icon' is clicked on

2023-11-14 10:30:09 - [MESSAGE][PASSED] - Object: 'Object Repository/home page/Gear icon' is clicked on

2023-11-14 10:30:09 - [TEST_STEP][PASSED] - click(findTestObject("home page/Setup")): Object: 'Object Repository/home page/Setup' is clicked on

2023-11-14 10:30:10 - [MESSAGE][PASSED] - Object: 'Object Repository/home page/Setup' is clicked on

2023-11-14 10:30:10 - [TEST_STEP][PASSED] - click(findTestObject("Home-Setup/Search")): Object: 'Object Repository/Home-Setup/Search' is clicked on

2023-11-14 10:30:12 - [MESSAGE][PASSED] - Object: 'Object Repository/Home-Setup/Search' is clicked on

2023-11-14 10:30:12 - [TEST_STEP][PASSED] - switchToWindowIndex(1): Switched to window with index: '1'

2023-11-14 10:30:12 - [MESSAGE][PASSED] - Switched to window with index: '1'

2023-11-14 10:30:12 - [TEST_STEP][PASSED] - setText(findTestObject("Home-Setup/Search-add-values"), "Diana Turney"): Text 'Diana Turney' is set on object 'Object Repository/Home-Setup/Search-add-values'

2023-11-14 10:30:14 - [MESSAGE][PASSED] - Text 'Diana Turney' is set on object 'Object Repository/Home-Setup/Search-add-values'

2023-11-14 10:30:14 - [TEST_STEP][PASSED] - sendKeys(findTestObject("Home-Setup/Search-add-values"), Keys.chord(ENTER)): Keys 'ENTER + ' sent to object: 'Object Repository/Home-Setup/Search-add-values'

2023-11-14 10:30:17 - [MESSAGE][PASSED] - Keys 'ENTER + ' sent to object: 'Object Repository/Home-Setup/Search-add-values'

2023-11-14 10:30:17 - [TEST_STEP][PASSED] - waitForElementClickable(findTestObject("Home-Setup/Diana Turney"), 10): Object 'Object Repository/Home-Setup/Diana Turney' is clickable

2023-11-14 10:30:20 - [MESSAGE][PASSED] - Object 'Object Repository/Home-Setup/Diana Turney' is clickable

2023-11-14 10:30:20 - [TEST_STEP][PASSED] - click(findTestObject("Home-Setup/Diana Turney")): Object: 'Object Repository/Home-Setup/Diana Turney' is clicked on

2023-11-14 10:30:21 - [MESSAGE][PASSED] - Object: 'Object Repository/Home-Setup/Diana Turney' is clicked on

2023-11-14 10:30:21 - [TEST_STEP][PASSED] - waitForElementPresent(findTestObject("IFrames/setup-users"), 10): Object 'Object Repository/IFrames/setup-users' is present

2023-11-14 10:30:22 - [MESSAGE][PASSED] - Object 'Object Repository/IFrames/setup-users' is present

2023-11-14 10:30:22 - [TEST_STEP][PASSED] - switchToFrame(findTestObject("IFrames/setup-users"), 10): null

2023-11-14 10:30:23 - [TEST_STEP][PASSED] - click(findTestObject("IFrames/login button")): Object: 'Object Repository/IFrames/login button' is clicked on

2023-11-14 10:30:23 - [MESSAGE][PASSED] - Object: 'Object Repository/IFrames/login button' is clicked on

2023-11-14 10:30:23 - [TEST_STEP][PASSED] - switchToDefaultContent(): null

2023-11-14 10:30:23 - [TEST_STEP][PASSED] - delay(10, STOP_ON_FAILURE): Delayed 10 second(s)

2023-11-14 10:30:33 - [MESSAGE][PASSED] - Delayed 10 second(s)

2023-11-14 10:30:33 - [TEST_STEP][PASSED] - click(findTestObject("Service-Console/search catagory")): Object: 'Object Repository/Service-Console/search catagory' is clicked on

2023-11-14 10:30:34 - [MESSAGE][PASSED] - Object: 'Object Repository/Service-Console/search catagory' is clicked on

2023-11-14 10:30:34 - [TEST_STEP][PASSED] - click(findTestObject("Service-Console/Billing-Account-Search-Box")): Object: 'Object Repository/Service-Console/Billing-Account-Search-Box' is clicked on

2023-11-14 10:30:34 - [MESSAGE][PASSED] - Object: 'Object Repository/Service-Console/Billing-Account-Search-Box' is clicked on

2023-11-14 10:30:34 - [TEST_STEP][PASSED] - waitForElementPresent(findTestObject("Service-Console/Search box"), 10): Object 'Object Repository/Service-Console/Search box' is present

2023-11-14 10:30:35 - [MESSAGE][PASSED] - Object 'Object Repository/Service-Console/Search box' is present

2023-11-14 10:30:35 - [TEST_STEP][PASSED] - setText(findTestObject("Service-Console/Search box"), "188051"): Text '188051' is set on object 'Object Repository/Service-Console/Search box'

2023-11-14 10:30:35 - [MESSAGE][PASSED] - Text '188051' is set on object 'Object Repository/Service-Console/Search box'

2023-11-14 10:30:35 - [TEST_STEP][PASSED] - sendKeys(findTestObject("Service-Console/Search box"), Keys.chord(ENTER)): Keys 'ENTER + ' sent to object: 'Object Repository/Service-Console/Search box'

2023-11-14 10:30:37 - [MESSAGE][PASSED] - Keys 'ENTER + ' sent to object: 'Object Repository/Service-Console/Search box'

2023-11-14 10:30:37 - [TEST_STEP][PASSED] - waitForElementClickable(findTestObject("Service-Console/Billing-Account"), 10): Object 'Object Repository/Service-Console/Billing-Account' is clickable

2023-11-14 10:30:38 - [MESSAGE][PASSED] - Object 'Object Repository/Service-Console/Billing-Account' is clickable

2023-11-14 10:30:38 - [TEST_STEP][PASSED] - elementsWithText = getWebDriver().findElements(By.xpath("//a[@title="188051"]")): null

2023-11-14 10:30:38 - [TEST_STEP][PASSED] - if (elementsWithText.size() > 0): null

2023-11-14 10:30:38 - [TEST_STEP][PASSED] - elementsWithText[0].click(): null

2023-11-14 10:30:38 - [TEST_STEP][PASSED] - click(findTestObject("Billing-Account-Num/Button-List/Button-List-Dropdwn")): Object: 'Object Repository/Billing-Account-Num/Button-List/Button-List-Dropdwn' is clicked on

2023-11-14 10:30:40 - [MESSAGE][PASSED] - Object: 'Object Repository/Billing-Account-Num/Button-List/Button-List-Dropdwn' is clicked on

2023-11-14 10:30:40 - [TEST_STEP][PASSED] - click(findTestObject("Billing-Account-Num/Button-List/Concession")): Object: 'Object Repository/Billing-Account-Num/Button-List/Concession' is clicked on

2023-11-14 10:30:41 - [MESSAGE][PASSED] - Object: 'Object Repository/Billing-Account-Num/Button-List/Concession' is clicked on

2023-11-14 10:30:41 - [TEST_STEP][PASSED] - switchToFrame(findTestObject("IFrames/Concession/Concession-Managment"), 10): null

2023-11-14 10:30:42 - [TEST_STEP][PASSED] - check(findTestObject("IFrames/Concession/Yes-Radio-Button")): Object 'Object Repository/IFrames/Concession/Yes-Radio-Button' is checked

2023-11-14 10:30:43 - [MESSAGE][PASSED] - Object 'Object Repository/IFrames/Concession/Yes-Radio-Button' is checked

2023-11-14 10:30:43 - [TEST_STEP][PASSED] - click(findTestObject("IFrames/Concession/Next-Button")): Object: 'Object Repository/IFrames/Concession/Next-Button' is clicked on

2023-11-14 10:30:43 - [MESSAGE][PASSED] - Object: 'Object Repository/IFrames/Concession/Next-Button' is clicked on

2023-11-14 10:30:43 - [TEST_STEP][PASSED] - check(findTestObject("IFrames/Concession/Yes-Remove-Radio-Button")): Object 'Object Repository/IFrames/Concession/Yes-Remove-Radio-Button' is checked

2023-11-14 10:30:45 - [MESSAGE][PASSED] - Object 'Object Repository/IFrames/Concession/Yes-Remove-Radio-Button' is checked

2023-11-14 10:30:45 - [TEST_STEP][PASSED] - click(findTestObject("IFrames/Concession/Next-Button")): Object: 'Object Repository/IFrames/Concession/Next-Button' is clicked on

2023-11-14 10:30:45 - [MESSAGE][PASSED] - Object: 'Object Repository/IFrames/Concession/Next-Button' is clicked on

2023-11-14 10:30:45 - [TEST_STEP][PASSED] - click(findTestObject("IFrames/Concession/Next-Button")): Object: 'Object Repository/IFrames/Concession/Next-Button' is clicked on

2023-11-14 10:30:51 - [MESSAGE][PASSED] - Object: 'Object Repository/IFrames/Concession/Next-Button' is clicked on

2023-11-14 10:30:51 - [TEST_STEP][PASSED] - delay(10): Delayed 10 second(s)

2023-11-14 10:31:01 - [MESSAGE][PASSED] - Delayed 10 second(s)

2023-11-14 10:31:01 - [TEST_STEP][PASSED] - check(findTestObject("IFrames/Concession/David-Wrenn")): Object 'Object Repository/IFrames/Concession/David-Wrenn' is checked

2023-11-14 10:31:01 - [MESSAGE][PASSED] - Object 'Object Repository/IFrames/Concession/David-Wrenn' is checked

2023-11-14 10:31:01 - [TEST_STEP][PASSED] - click(findTestObject("IFrames/Concession/Concession-Type")): Object: 'Object Repository/IFrames/Concession/Concession-Type' is clicked on

2023-11-14 10:31:01 - [MESSAGE][PASSED] - Object: 'Object Repository/IFrames/Concession/Concession-Type' is clicked on

2023-11-14 10:31:01 - [TEST_STEP][PASSED] - click(findTestObject("IFrames/Concession/Account-Holder")): Object: 'Object Repository/IFrames/Concession/Account-Holder' is clicked on

2023-11-14 10:31:02 - [MESSAGE][PASSED] - Object: 'Object Repository/IFrames/Concession/Account-Holder' is clicked on

2023-11-14 10:31:02 - [TEST_STEP][PASSED] - click(findTestObject("IFrames/Concession/Next-Button")): Object: 'Object Repository/IFrames/Concession/Next-Button' is clicked on

2023-11-14 10:31:02 - [MESSAGE][PASSED] - Object: 'Object Repository/IFrames/Concession/Next-Button' is clicked on

2023-11-14 10:31:02 - [TEST_STEP][PASSED] - check(findTestObject("IFrames/Concession/Privacy-Statement-CheckBox")): Object 'Object Repository/IFrames/Concession/Privacy-Statement-CheckBox' is checked

2023-11-14 10:31:02 - [MESSAGE][PASSED] - Object 'Object Repository/IFrames/Concession/Privacy-Statement-CheckBox' is checked

2023-11-14 10:31:02 - [TEST_STEP][PASSED] - setText(findTestObject("IFrames/Concession/Concession-Card-Num"), "305237600C"): Text '305237600C' is set on object 'Object Repository/IFrames/Concession/Concession-Card-Num'

2023-11-14 10:31:03 - [MESSAGE][PASSED] - Text '305237600C' is set on object 'Object Repository/IFrames/Concession/Concession-Card-Num'

2023-11-14 10:31:03 - [TEST_STEP][PASSED] - click(findTestObject("IFrames/Concession/Concession-Card-Type")): Object: 'Object Repository/IFrames/Concession/Concession-Card-Type' is clicked on

2023-11-14 10:31:03 - [MESSAGE][PASSED] - Object: 'Object Repository/IFrames/Concession/Concession-Card-Type' is clicked on

2023-11-14 10:31:03 - [TEST_STEP][PASSED] - click(findTestObject("IFrames/Concession/Pensioner-Concession-Card")): Object: 'Object Repository/IFrames/Concession/Pensioner-Concession-Card' is clicked on

2023-11-14 10:31:03 - [MESSAGE][PASSED] - Object: 'Object Repository/IFrames/Concession/Pensioner-Concession-Card' is clicked on

2023-11-14 10:31:03 - [TEST_STEP][PASSED] - click(findTestObject("IFrames/Concession/Next-Button")): Object: 'Object Repository/IFrames/Concession/Next-Button' is clicked on

2023-11-14 10:31:03 - [MESSAGE][PASSED] - Object: 'Object Repository/IFrames/Concession/Next-Button' is clicked on

2023-11-14 10:31:03 - [TEST_STEP][PASSED] - check(findTestObject("IFrames/Concession/Yes-Add-Concession-Radio-Button")): Object 'Object Repository/IFrames/Concession/Yes-Add-Concession-Radio-Button' is checked

2023-11-14 10:31:05 - [MESSAGE][PASSED] - Object 'Object Repository/IFrames/Concession/Yes-Add-Concession-Radio-Button' is checked

2023-11-14 10:31:05 - [TEST_STEP][PASSED] - click(findTestObject("IFrames/Concession/Next-Button")): Object: 'Object Repository/IFrames/Concession/Next-Button' is clicked on

2023-11-14 10:31:05 - [MESSAGE][PASSED] - Object: 'Object Repository/IFrames/Concession/Next-Button' is clicked on

2023-11-14 10:31:05 - [TEST_STEP][PASSED] - verifyElementPresent(findTestObject("IFrames/Concession/Successfuly-Added"), 0): Object 'Object Repository/IFrames/Concession/Successfuly-Added' is present

2023-11-14 10:31:05 - [MESSAGE][WARNING] - Timeout '0' is invalid. Using default page load timeout: '30'

2023-11-14 10:31:09 - [MESSAGE][PASSED] - Object 'Object Repository/IFrames/Concession/Successfuly-Added' is present

2023-11-14 10:31:09 - [TEST_STEP][PASSED] - click(findTestObject("IFrames/Concession/Next-Button")): Object: 'Object Repository/IFrames/Concession/Next-Button' is clicked on

2023-11-14 10:31:10 - [MESSAGE][PASSED] - Object: 'Object Repository/IFrames/Concession/Next-Button' is clicked on

2023-11-14 10:31:10 - [TEST_STEP][PASSED] - click(findTestObject("IFrames/Concession/Finish")): Object: 'Object Repository/IFrames/Concession/Finish' is clicked on

2023-11-14 10:31:10 - [MESSAGE][PASSED] - Object: 'Object Repository/IFrames/Concession/Finish' is clicked on

2023-11-14 10:31:10 - [TEST_STEP][PASSED] - closeBrowser(): Browser is closed

2023-11-14 10:31:11 - [MESSAGE][PASSED] - Browser is closed]]></system-out>
         <system-err><![CDATA[]]></system-err>
      </testcase>
      <testcase name="Test Cases/Concession-Managment/STM-2485/STM-2485-Iteration5" time="86.097" classname="Test Cases/Concession-Managment/STM-2485/STM-2485-Iteration5" status="PASSED">
         <system-out><![CDATA[2023-11-14 10:31:11 - [TEST_CASE][PASSED] - Test Cases/Concession-Managment/STM-2485/STM-2485-Iteration5: Test Cases/Concession-Managment/STM-2485/STM-2485-Iteration5

2023-11-14 10:31:11 - [TEST_STEP][PASSED] - openBrowser(""): Browser is opened with url: ''

2023-11-14 10:31:11 - [MESSAGE][INFO] - Starting 'Chrome' driver

2023-11-14 10:31:11 - [MESSAGE][INFO] - Action delay is set to 0 milliseconds

2023-11-14 10:31:13 - [MESSAGE][PASSED] - Browser is opened with url: ''

2023-11-14 10:31:13 - [TEST_STEP][PASSED] - maximizeWindow(): Current window maximized

2023-11-14 10:31:13 - [MESSAGE][PASSED] - Current window maximized

2023-11-14 10:31:13 - [TEST_STEP][PASSED] - navigateToUrl("https://southeastwater--full2.sandbox.lightning.force.com/lightning/page/home"): Navigate to 'https://southeastwater--full2.sandbox.lightning.force.com/lightning/page/home' successfully

2023-11-14 10:31:13 - [MESSAGE][PASSED] - Navigate to 'https://southeastwater--full2.sandbox.lightning.force.com/lightning/page/home' successfully

2023-11-14 10:31:13 - [TEST_STEP][PASSED] - waitForPageLoad(10, STOP_ON_FAILURE): Wait for page load successfully

2023-11-14 10:31:14 - [MESSAGE][PASSED] - Wait for page load successfully

2023-11-14 10:31:14 - [TEST_STEP][PASSED] - click(findTestObject("Page_Login  Salesforce/Input-Username")): Object: 'Object Repository/Page_Login  Salesforce/Input-Username' is clicked on

2023-11-14 10:31:15 - [MESSAGE][PASSED] - Object: 'Object Repository/Page_Login  Salesforce/Input-Username' is clicked on

2023-11-14 10:31:15 - [TEST_STEP][PASSED] - setText(findTestObject("Page_Login  Salesforce/input-username-Text"), "hamid.samavat@kjr.com.au"): Text 'hamid.samavat@kjr.com.au' is set on object 'Object Repository/Page_Login  Salesforce/input-username-Text'

2023-11-14 10:31:15 - [MESSAGE][PASSED] - Text 'hamid.samavat@kjr.com.au' is set on object 'Object Repository/Page_Login  Salesforce/input-username-Text'

2023-11-14 10:31:15 - [TEST_STEP][PASSED] - click(findTestObject("Page_Login  Salesforce/input-username-next")): Object: 'Object Repository/Page_Login  Salesforce/input-username-next' is clicked on

2023-11-14 10:31:16 - [MESSAGE][PASSED] - Object: 'Object Repository/Page_Login  Salesforce/input-username-next' is clicked on

2023-11-14 10:31:16 - [TEST_STEP][PASSED] - click(findTestObject("Page_Login  Salesforce/input_Password_pw")): Object: 'Object Repository/Page_Login  Salesforce/input_Password_pw' is clicked on

2023-11-14 10:31:17 - [MESSAGE][PASSED] - Object: 'Object Repository/Page_Login  Salesforce/input_Password_pw' is clicked on

2023-11-14 10:31:17 - [TEST_STEP][PASSED] - setEncryptedText(findTestObject("Object Repository/Page_Login  Salesforce/input_Password_pw"), "1SfOns6koWoi404fwi/OCQ=="): Text ****** has been set on object 'Object Repository/Page_Login  Salesforce/input_Password_pw'

2023-11-14 10:31:17 - [MESSAGE][PASSED] - Text ****** has been set on object 'Object Repository/Page_Login  Salesforce/input_Password_pw'

2023-11-14 10:31:17 - [TEST_STEP][PASSED] - click(findTestObject("Object Repository/Page_Login  Salesforce/input_Password_Login")): Object: 'Object Repository/Page_Login  Salesforce/input_Password_Login' is clicked on

2023-11-14 10:31:18 - [MESSAGE][PASSED] - Object: 'Object Repository/Page_Login  Salesforce/input_Password_Login' is clicked on

2023-11-14 10:31:18 - [TEST_STEP][PASSED] - delay(15): Delayed 15 second(s)

2023-11-14 10:31:33 - [MESSAGE][PASSED] - Delayed 15 second(s)

2023-11-14 10:31:33 - [TEST_STEP][PASSED] - click(findTestObject("Page_Login  Salesforce/Yes button")): Object: 'Object Repository/Page_Login  Salesforce/Yes button' is clicked on

2023-11-14 10:31:34 - [MESSAGE][PASSED] - Object: 'Object Repository/Page_Login  Salesforce/Yes button' is clicked on

2023-11-14 10:31:34 - [TEST_STEP][PASSED] - click(findTestObject("home page/Gear icon")): Object: 'Object Repository/home page/Gear icon' is clicked on

2023-11-14 10:31:39 - [MESSAGE][PASSED] - Object: 'Object Repository/home page/Gear icon' is clicked on

2023-11-14 10:31:39 - [TEST_STEP][PASSED] - click(findTestObject("home page/Setup")): Object: 'Object Repository/home page/Setup' is clicked on

2023-11-14 10:31:39 - [MESSAGE][PASSED] - Object: 'Object Repository/home page/Setup' is clicked on

2023-11-14 10:31:39 - [TEST_STEP][PASSED] - click(findTestObject("Home-Setup/Search")): Object: 'Object Repository/Home-Setup/Search' is clicked on

2023-11-14 10:31:41 - [MESSAGE][PASSED] - Object: 'Object Repository/Home-Setup/Search' is clicked on

2023-11-14 10:31:41 - [TEST_STEP][PASSED] - switchToWindowIndex(1): Switched to window with index: '1'

2023-11-14 10:31:41 - [MESSAGE][PASSED] - Switched to window with index: '1'

2023-11-14 10:31:41 - [TEST_STEP][PASSED] - setText(findTestObject("Home-Setup/Search-add-values"), "Diana Turney"): Text 'Diana Turney' is set on object 'Object Repository/Home-Setup/Search-add-values'

2023-11-14 10:31:43 - [MESSAGE][PASSED] - Text 'Diana Turney' is set on object 'Object Repository/Home-Setup/Search-add-values'

2023-11-14 10:31:43 - [TEST_STEP][PASSED] - sendKeys(findTestObject("Home-Setup/Search-add-values"), Keys.chord(ENTER)): Keys 'ENTER + ' sent to object: 'Object Repository/Home-Setup/Search-add-values'

2023-11-14 10:31:45 - [MESSAGE][PASSED] - Keys 'ENTER + ' sent to object: 'Object Repository/Home-Setup/Search-add-values'

2023-11-14 10:31:45 - [TEST_STEP][PASSED] - waitForElementClickable(findTestObject("Home-Setup/Diana Turney"), 10): Object 'Object Repository/Home-Setup/Diana Turney' is clickable

2023-11-14 10:31:49 - [MESSAGE][PASSED] - Object 'Object Repository/Home-Setup/Diana Turney' is clickable

2023-11-14 10:31:49 - [TEST_STEP][PASSED] - click(findTestObject("Home-Setup/Diana Turney")): Object: 'Object Repository/Home-Setup/Diana Turney' is clicked on

2023-11-14 10:31:49 - [MESSAGE][PASSED] - Object: 'Object Repository/Home-Setup/Diana Turney' is clicked on

2023-11-14 10:31:49 - [TEST_STEP][PASSED] - waitForElementPresent(findTestObject("IFrames/setup-users"), 10): Object 'Object Repository/IFrames/setup-users' is present

2023-11-14 10:31:51 - [MESSAGE][PASSED] - Object 'Object Repository/IFrames/setup-users' is present

2023-11-14 10:31:51 - [TEST_STEP][PASSED] - switchToFrame(findTestObject("IFrames/setup-users"), 10): null

2023-11-14 10:31:52 - [TEST_STEP][PASSED] - click(findTestObject("IFrames/login button")): Object: 'Object Repository/IFrames/login button' is clicked on

2023-11-14 10:31:52 - [MESSAGE][PASSED] - Object: 'Object Repository/IFrames/login button' is clicked on

2023-11-14 10:31:52 - [TEST_STEP][PASSED] - switchToDefaultContent(): null

2023-11-14 10:31:52 - [TEST_STEP][PASSED] - delay(10, STOP_ON_FAILURE): Delayed 10 second(s)

2023-11-14 10:32:02 - [MESSAGE][PASSED] - Delayed 10 second(s)

2023-11-14 10:32:02 - [TEST_STEP][PASSED] - click(findTestObject("Service-Console/search catagory")): Object: 'Object Repository/Service-Console/search catagory' is clicked on

2023-11-14 10:32:02 - [MESSAGE][PASSED] - Object: 'Object Repository/Service-Console/search catagory' is clicked on

2023-11-14 10:32:02 - [TEST_STEP][PASSED] - click(findTestObject("Service-Console/Billing-Account-Search-Box")): Object: 'Object Repository/Service-Console/Billing-Account-Search-Box' is clicked on

2023-11-14 10:32:03 - [MESSAGE][PASSED] - Object: 'Object Repository/Service-Console/Billing-Account-Search-Box' is clicked on

2023-11-14 10:32:03 - [TEST_STEP][PASSED] - waitForElementPresent(findTestObject("Service-Console/Search box"), 10): Object 'Object Repository/Service-Console/Search box' is present

2023-11-14 10:32:03 - [MESSAGE][PASSED] - Object 'Object Repository/Service-Console/Search box' is present

2023-11-14 10:32:03 - [TEST_STEP][PASSED] - setText(findTestObject("Service-Console/Search box"), "1834935"): Text '1834935' is set on object 'Object Repository/Service-Console/Search box'

2023-11-14 10:32:04 - [MESSAGE][PASSED] - Text '1834935' is set on object 'Object Repository/Service-Console/Search box'

2023-11-14 10:32:04 - [TEST_STEP][PASSED] - sendKeys(findTestObject("Service-Console/Search box"), Keys.chord(ENTER)): Keys 'ENTER + ' sent to object: 'Object Repository/Service-Console/Search box'

2023-11-14 10:32:05 - [MESSAGE][PASSED] - Keys 'ENTER + ' sent to object: 'Object Repository/Service-Console/Search box'

2023-11-14 10:32:05 - [TEST_STEP][PASSED] - waitForElementClickable(findTestObject("Service-Console/Billing-Account"), 10): Object 'Object Repository/Service-Console/Billing-Account' is clickable

2023-11-14 10:32:06 - [MESSAGE][PASSED] - Object 'Object Repository/Service-Console/Billing-Account' is clickable

2023-11-14 10:32:06 - [TEST_STEP][PASSED] - elementsWithText = getWebDriver().findElements(By.xpath("//a[@title="1834935"]")): null

2023-11-14 10:32:07 - [TEST_STEP][PASSED] - if (elementsWithText.size() > 0): null

2023-11-14 10:32:07 - [TEST_STEP][PASSED] - elementsWithText[0].click(): null

2023-11-14 10:32:07 - [TEST_STEP][PASSED] - click(findTestObject("Billing-Account-Num/Button-List/Button-List-Dropdwn")): Object: 'Object Repository/Billing-Account-Num/Button-List/Button-List-Dropdwn' is clicked on

2023-11-14 10:32:09 - [MESSAGE][PASSED] - Object: 'Object Repository/Billing-Account-Num/Button-List/Button-List-Dropdwn' is clicked on

2023-11-14 10:32:09 - [TEST_STEP][PASSED] - click(findTestObject("Billing-Account-Num/Button-List/Concession")): Object: 'Object Repository/Billing-Account-Num/Button-List/Concession' is clicked on

2023-11-14 10:32:09 - [MESSAGE][PASSED] - Object: 'Object Repository/Billing-Account-Num/Button-List/Concession' is clicked on

2023-11-14 10:32:09 - [TEST_STEP][PASSED] - switchToFrame(findTestObject("IFrames/Concession/Concession-Managment"), 10): null

2023-11-14 10:32:11 - [TEST_STEP][PASSED] - delay(10): Delayed 10 second(s)

2023-11-14 10:32:21 - [MESSAGE][PASSED] - Delayed 10 second(s)

2023-11-14 10:32:21 - [TEST_STEP][PASSED] - check(findTestObject("IFrames/Concession/Justin-Halcon-Fleur-Colcheedas")): Object 'Object Repository/IFrames/Concession/Justin-Halcon-Fleur-Colcheedas' is checked

2023-11-14 10:32:21 - [MESSAGE][PASSED] - Object 'Object Repository/IFrames/Concession/Justin-Halcon-Fleur-Colcheedas' is checked

2023-11-14 10:32:21 - [TEST_STEP][PASSED] - click(findTestObject("IFrames/Concession/Concession-Type")): Object: 'Object Repository/IFrames/Concession/Concession-Type' is clicked on

2023-11-14 10:32:21 - [MESSAGE][PASSED] - Object: 'Object Repository/IFrames/Concession/Concession-Type' is clicked on

2023-11-14 10:32:21 - [TEST_STEP][PASSED] - click(findTestObject("IFrames/Concession/Account-Holder")): Object: 'Object Repository/IFrames/Concession/Account-Holder' is clicked on

2023-11-14 10:32:22 - [MESSAGE][PASSED] - Object: 'Object Repository/IFrames/Concession/Account-Holder' is clicked on

2023-11-14 10:32:22 - [TEST_STEP][PASSED] - click(findTestObject("IFrames/Concession/Next-Button")): Object: 'Object Repository/IFrames/Concession/Next-Button' is clicked on

2023-11-14 10:32:22 - [MESSAGE][PASSED] - Object: 'Object Repository/IFrames/Concession/Next-Button' is clicked on

2023-11-14 10:32:22 - [TEST_STEP][PASSED] - check(findTestObject("IFrames/Concession/Privacy-Statement-CheckBox")): Object 'Object Repository/IFrames/Concession/Privacy-Statement-CheckBox' is checked

2023-11-14 10:32:22 - [MESSAGE][PASSED] - Object 'Object Repository/IFrames/Concession/Privacy-Statement-CheckBox' is checked

2023-11-14 10:32:22 - [TEST_STEP][PASSED] - setText(findTestObject("IFrames/Concession/Concession-Card-Num"), "4035324226C"): Text '4035324226C' is set on object 'Object Repository/IFrames/Concession/Concession-Card-Num'

2023-11-14 10:32:22 - [MESSAGE][PASSED] - Text '4035324226C' is set on object 'Object Repository/IFrames/Concession/Concession-Card-Num'

2023-11-14 10:32:22 - [TEST_STEP][PASSED] - click(findTestObject("IFrames/Concession/Concession-Card-Type")): Object: 'Object Repository/IFrames/Concession/Concession-Card-Type' is clicked on

2023-11-14 10:32:23 - [MESSAGE][PASSED] - Object: 'Object Repository/IFrames/Concession/Concession-Card-Type' is clicked on

2023-11-14 10:32:23 - [TEST_STEP][PASSED] - click(findTestObject("IFrames/Concession/Health-Care-Card")): Object: 'Object Repository/IFrames/Concession/Health-Care-Card' is clicked on

2023-11-14 10:32:23 - [MESSAGE][PASSED] - Object: 'Object Repository/IFrames/Concession/Health-Care-Card' is clicked on

2023-11-14 10:32:23 - [TEST_STEP][PASSED] - click(findTestObject("IFrames/Concession/Next-Button")): Object: 'Object Repository/IFrames/Concession/Next-Button' is clicked on

2023-11-14 10:32:23 - [MESSAGE][PASSED] - Object: 'Object Repository/IFrames/Concession/Next-Button' is clicked on

2023-11-14 10:32:23 - [TEST_STEP][PASSED] - check(findTestObject("IFrames/Concession/Yes-Add-Concession-Radio-Button")): Object 'Object Repository/IFrames/Concession/Yes-Add-Concession-Radio-Button' is checked

2023-11-14 10:32:24 - [MESSAGE][PASSED] - Object 'Object Repository/IFrames/Concession/Yes-Add-Concession-Radio-Button' is checked

2023-11-14 10:32:24 - [TEST_STEP][PASSED] - click(findTestObject("IFrames/Concession/Next-Button")): Object: 'Object Repository/IFrames/Concession/Next-Button' is clicked on

2023-11-14 10:32:24 - [MESSAGE][PASSED] - Object: 'Object Repository/IFrames/Concession/Next-Button' is clicked on

2023-11-14 10:32:24 - [TEST_STEP][PASSED] - delay(10): Delayed 10 second(s)

2023-11-14 10:32:35 - [MESSAGE][PASSED] - Delayed 10 second(s)

2023-11-14 10:32:35 - [TEST_STEP][PASSED] - verifyElementPresent(findTestObject("IFrames/Concession/Not-Successfully-Added"), 0): Object 'Object Repository/IFrames/Concession/Not-Successfully-Added' is present

2023-11-14 10:32:35 - [MESSAGE][WARNING] - Timeout '0' is invalid. Using default page load timeout: '30'

2023-11-14 10:32:35 - [MESSAGE][PASSED] - Object 'Object Repository/IFrames/Concession/Not-Successfully-Added' is present

2023-11-14 10:32:35 - [TEST_STEP][PASSED] - NotSuccessfullyAdded = getText(findTestObject("IFrames/Concession/Not-Successfully-Added")): Text of object 'Object Repository/IFrames/Concession/Not-Successfully-Added' is: 'The concession was not successfully added to the billing account. An error occurred at the billing system.'

2023-11-14 10:32:35 - [MESSAGE][PASSED] - Text of object 'Object Repository/IFrames/Concession/Not-Successfully-Added' is: 'The concession was not successfully added to the billing account. An error occurred at the billing system.'

2023-11-14 10:32:35 - [TEST_STEP][PASSED] - out.println(NotSuccessfullyAdded + "****"): null

2023-11-14 10:32:35 - [TEST_STEP][PASSED] - takeFullPageScreenshot(): Taking screenshot successfully

2023-11-14 10:32:36 - [MESSAGE][INFO] - 0 hidden object(s)

2023-11-14 10:32:36 - [MESSAGE][PASSED] - Taking screenshot successfully
[[ATTACHMENT|C:\\Users\\HamidSamavat\\Desktop\\Katalon\\Salesforce-MFA-Login-main\\Salesforce-MFA-Login-main\\Reports\\20231114_102933\\STM-2485\\20231114_102934\\1699918355231.png]]

2023-11-14 10:32:36 - [TEST_STEP][PASSED] - closeBrowser(): Browser is closed

2023-11-14 10:32:37 - [MESSAGE][PASSED] - Browser is closed]]></system-out>
         <system-err><![CDATA[]]></system-err>
      </testcase>
      <system-out><![CDATA[2023-11-14 10:29:38 - [TEST_SUITE][PASSED] - STM-2485: Test Cases/Concession-Managment/STM-2485/STM-2485-Iteration5]]></system-out>
      <system-err><![CDATA[]]></system-err>
   </testsuite>
</testsuites>
