<?xml version="1.0" encoding="UTF-8"?>
<testsuites name="STM-2485" time="183.407" tests="2" failures="0" errors="0">
   <testsuite name="STM-2485" tests="2" failures="0" errors="0" time="183.407" skipped="0" timestamp="2023-11-14 11:08:24" hostname="HamidSamavat - DESKTOP-BG27TAB" id="Test Suites/STM-2485">
      <properties>
         <property name="deviceName" value=""/>
         <property name="devicePlatform" value=""/>
         <property name="logFolder" value="C:\\Users\\HamidSamavat\\Desktop\\Katalon\\Salesforce-MFA-Login-main\\Salesforce-MFA-Login-main\\Reports\\20231114_110821\\STM-2485\\20231114_110821"/>
         <property name="logFiles" value="C:\\Users\\HamidSamavat\\Desktop\\Katalon\\Salesforce-MFA-Login-main\\Salesforce-MFA-Login-main\\Reports\\20231114_110821\\STM-2485\\20231114_110821\\execution0.log"/>
         <property name="attachments" value="C:\\Users\\HamidSamavat\\Desktop\\Katalon\\Salesforce-MFA-Login-main\\Salesforce-MFA-Login-main\\Reports\\20231114_110821\\STM-2485\\20231114_110821\\1699920686128.png"/>
         <property name="hostName" value="HamidSamavat - DESKTOP-BG27TAB"/>
         <property name="os" value="Windows 10 64bit"/>
         <property name="katalonVersion" value="8.6.8.208"/>
         <property name="browser" value="Chrome 119.0.0.0"/>
         <property name="hostAddress" value="192.168.1.127"/>
         <property name="sessionId" value="d283fae09a919bcb733d18c87d852043"/>
         <property name="seleniumVersion" value="3.141.59"/>
         <property name="proxyInformation" value="ProxyInformation { proxyOption=NO_PROXY, proxyServerType=HTTP, username=, password=********, proxyServerAddress=, proxyServerPort=0, executionList=&quot;&quot;, isApplyToDesiredCapabilities=true }"/>
         <property name="platform" value="Windows 10"/>
      </properties>
      <testcase name="Test Cases/Concession-Managment/STM-2485/STM-2485-Iteration1" time="96.505" classname="Test Cases/Concession-Managment/STM-2485/STM-2485-Iteration1" status="PASSED">
         <system-out><![CDATA[2023-11-14 11:08:24 - [TEST_CASE][PASSED] - Test Cases/Concession-Managment/STM-2485/STM-2485-Iteration1: Test Cases/Concession-Managment/STM-2485/STM-2485-Iteration1

2023-11-14 11:08:25 - [TEST_STEP][PASSED] - openBrowser(""): Browser is opened with url: ''

2023-11-14 11:08:25 - [MESSAGE][INFO] - Starting 'Chrome' driver

2023-11-14 11:08:25 - [MESSAGE][INFO] - Action delay is set to 0 milliseconds

2023-11-14 11:08:28 - [MESSAGE][PASSED] - Browser is opened with url: ''

2023-11-14 11:08:28 - [TEST_STEP][PASSED] - maximizeWindow(): Current window maximized

2023-11-14 11:08:28 - [MESSAGE][PASSED] - Current window maximized

2023-11-14 11:08:28 - [TEST_STEP][PASSED] - navigateToUrl("https://southeastwater--full2.sandbox.lightning.force.com/lightning/page/home"): Navigate to 'https://southeastwater--full2.sandbox.lightning.force.com/lightning/page/home' successfully

2023-11-14 11:08:29 - [MESSAGE][PASSED] - Navigate to 'https://southeastwater--full2.sandbox.lightning.force.com/lightning/page/home' successfully

2023-11-14 11:08:29 - [TEST_STEP][PASSED] - waitForPageLoad(10, STOP_ON_FAILURE): Wait for page load successfully

2023-11-14 11:08:29 - [MESSAGE][PASSED] - Wait for page load successfully

2023-11-14 11:08:29 - [TEST_STEP][PASSED] - click(findTestObject("Page_Login  Salesforce/Input-Username")): Object: 'Object Repository/Page_Login  Salesforce/Input-Username' is clicked on

2023-11-14 11:08:30 - [MESSAGE][PASSED] - Object: 'Object Repository/Page_Login  Salesforce/Input-Username' is clicked on

2023-11-14 11:08:30 - [TEST_STEP][PASSED] - setText(findTestObject("Page_Login  Salesforce/input-username-Text"), "hamid.samavat@kjr.com.au"): Text 'hamid.samavat@kjr.com.au' is set on object 'Object Repository/Page_Login  Salesforce/input-username-Text'

2023-11-14 11:08:31 - [MESSAGE][PASSED] - Text 'hamid.samavat@kjr.com.au' is set on object 'Object Repository/Page_Login  Salesforce/input-username-Text'

2023-11-14 11:08:31 - [TEST_STEP][PASSED] - click(findTestObject("Page_Login  Salesforce/input-username-next")): Object: 'Object Repository/Page_Login  Salesforce/input-username-next' is clicked on

2023-11-14 11:08:31 - [MESSAGE][PASSED] - Object: 'Object Repository/Page_Login  Salesforce/input-username-next' is clicked on

2023-11-14 11:08:31 - [TEST_STEP][PASSED] - click(findTestObject("Page_Login  Salesforce/input_Password_pw")): Object: 'Object Repository/Page_Login  Salesforce/input_Password_pw' is clicked on

2023-11-14 11:08:32 - [MESSAGE][PASSED] - Object: 'Object Repository/Page_Login  Salesforce/input_Password_pw' is clicked on

2023-11-14 11:08:32 - [TEST_STEP][PASSED] - setEncryptedText(findTestObject("Object Repository/Page_Login  Salesforce/input_Password_pw"), "1SfOns6koWoi404fwi/OCQ=="): Text ****** has been set on object 'Object Repository/Page_Login  Salesforce/input_Password_pw'

2023-11-14 11:08:33 - [MESSAGE][PASSED] - Text ****** has been set on object 'Object Repository/Page_Login  Salesforce/input_Password_pw'

2023-11-14 11:08:33 - [TEST_STEP][PASSED] - click(findTestObject("Object Repository/Page_Login  Salesforce/input_Password_Login")): Object: 'Object Repository/Page_Login  Salesforce/input_Password_Login' is clicked on

2023-11-14 11:08:34 - [MESSAGE][PASSED] - Object: 'Object Repository/Page_Login  Salesforce/input_Password_Login' is clicked on

2023-11-14 11:08:34 - [TEST_STEP][PASSED] - delay(15): Delayed 15 second(s)

2023-11-14 11:08:49 - [MESSAGE][PASSED] - Delayed 15 second(s)

2023-11-14 11:08:49 - [TEST_STEP][PASSED] - click(findTestObject("Page_Login  Salesforce/Yes button")): Object: 'Object Repository/Page_Login  Salesforce/Yes button' is clicked on

2023-11-14 11:08:56 - [MESSAGE][PASSED] - Object: 'Object Repository/Page_Login  Salesforce/Yes button' is clicked on

2023-11-14 11:08:56 - [TEST_STEP][PASSED] - click(findTestObject("home page/Gear icon")): Object: 'Object Repository/home page/Gear icon' is clicked on

2023-11-14 11:08:58 - [MESSAGE][PASSED] - Object: 'Object Repository/home page/Gear icon' is clicked on

2023-11-14 11:08:58 - [TEST_STEP][PASSED] - click(findTestObject("home page/Setup")): Object: 'Object Repository/home page/Setup' is clicked on

2023-11-14 11:08:59 - [MESSAGE][PASSED] - Object: 'Object Repository/home page/Setup' is clicked on

2023-11-14 11:08:59 - [TEST_STEP][PASSED] - click(findTestObject("Home-Setup/Search")): Object: 'Object Repository/Home-Setup/Search' is clicked on

2023-11-14 11:09:01 - [MESSAGE][PASSED] - Object: 'Object Repository/Home-Setup/Search' is clicked on

2023-11-14 11:09:01 - [TEST_STEP][PASSED] - switchToWindowIndex(1): Switched to window with index: '1'

2023-11-14 11:09:01 - [MESSAGE][PASSED] - Switched to window with index: '1'

2023-11-14 11:09:01 - [TEST_STEP][PASSED] - setText(findTestObject("Home-Setup/Search-add-values"), "Diana Turney"): Text 'Diana Turney' is set on object 'Object Repository/Home-Setup/Search-add-values'

2023-11-14 11:09:04 - [MESSAGE][PASSED] - Text 'Diana Turney' is set on object 'Object Repository/Home-Setup/Search-add-values'

2023-11-14 11:09:04 - [TEST_STEP][PASSED] - sendKeys(findTestObject("Home-Setup/Search-add-values"), Keys.chord(ENTER)): Keys 'ENTER + ' sent to object: 'Object Repository/Home-Setup/Search-add-values'

2023-11-14 11:09:06 - [MESSAGE][PASSED] - Keys 'ENTER + ' sent to object: 'Object Repository/Home-Setup/Search-add-values'

2023-11-14 11:09:06 - [TEST_STEP][PASSED] - waitForElementClickable(findTestObject("Home-Setup/Diana Turney"), 10): Object 'Object Repository/Home-Setup/Diana Turney' is clickable

2023-11-14 11:09:10 - [MESSAGE][PASSED] - Object 'Object Repository/Home-Setup/Diana Turney' is clickable

2023-11-14 11:09:10 - [TEST_STEP][PASSED] - click(findTestObject("Home-Setup/Diana Turney")): Object: 'Object Repository/Home-Setup/Diana Turney' is clicked on

2023-11-14 11:09:10 - [MESSAGE][PASSED] - Object: 'Object Repository/Home-Setup/Diana Turney' is clicked on

2023-11-14 11:09:10 - [TEST_STEP][PASSED] - waitForElementPresent(findTestObject("IFrames/setup-users"), 10): Object 'Object Repository/IFrames/setup-users' is present

2023-11-14 11:09:12 - [MESSAGE][PASSED] - Object 'Object Repository/IFrames/setup-users' is present

2023-11-14 11:09:12 - [TEST_STEP][PASSED] - switchToFrame(findTestObject("IFrames/setup-users"), 10): null

2023-11-14 11:09:12 - [TEST_STEP][PASSED] - click(findTestObject("IFrames/login button")): Object: 'Object Repository/IFrames/login button' is clicked on

2023-11-14 11:09:12 - [MESSAGE][PASSED] - Object: 'Object Repository/IFrames/login button' is clicked on

2023-11-14 11:09:12 - [TEST_STEP][PASSED] - switchToDefaultContent(): null

2023-11-14 11:09:12 - [TEST_STEP][PASSED] - delay(10, STOP_ON_FAILURE): Delayed 10 second(s)

2023-11-14 11:09:22 - [MESSAGE][PASSED] - Delayed 10 second(s)

2023-11-14 11:09:22 - [TEST_STEP][PASSED] - click(findTestObject("Service-Console/search catagory")): Object: 'Object Repository/Service-Console/search catagory' is clicked on

2023-11-14 11:09:23 - [MESSAGE][PASSED] - Object: 'Object Repository/Service-Console/search catagory' is clicked on

2023-11-14 11:09:23 - [TEST_STEP][PASSED] - click(findTestObject("Service-Console/Billing-Account-Search-Box")): Object: 'Object Repository/Service-Console/Billing-Account-Search-Box' is clicked on

2023-11-14 11:09:23 - [MESSAGE][PASSED] - Object: 'Object Repository/Service-Console/Billing-Account-Search-Box' is clicked on

2023-11-14 11:09:23 - [TEST_STEP][PASSED] - waitForElementPresent(findTestObject("Service-Console/Search box"), 10): Object 'Object Repository/Service-Console/Search box' is present

2023-11-14 11:09:24 - [MESSAGE][PASSED] - Object 'Object Repository/Service-Console/Search box' is present

2023-11-14 11:09:24 - [TEST_STEP][PASSED] - setText(findTestObject("Service-Console/Search box"), "188051"): Text '188051' is set on object 'Object Repository/Service-Console/Search box'

2023-11-14 11:09:25 - [MESSAGE][PASSED] - Text '188051' is set on object 'Object Repository/Service-Console/Search box'

2023-11-14 11:09:25 - [TEST_STEP][PASSED] - sendKeys(findTestObject("Service-Console/Search box"), Keys.chord(ENTER)): Keys 'ENTER + ' sent to object: 'Object Repository/Service-Console/Search box'

2023-11-14 11:09:26 - [MESSAGE][PASSED] - Keys 'ENTER + ' sent to object: 'Object Repository/Service-Console/Search box'

2023-11-14 11:09:26 - [TEST_STEP][PASSED] - waitForElementClickable(findTestObject("Service-Console/Billing-Account"), 10): Object 'Object Repository/Service-Console/Billing-Account' is clickable

2023-11-14 11:09:27 - [MESSAGE][PASSED] - Object 'Object Repository/Service-Console/Billing-Account' is clickable

2023-11-14 11:09:27 - [TEST_STEP][PASSED] - elementsWithText = getWebDriver().findElements(By.xpath("//a[@title="188051"]")): null

2023-11-14 11:09:27 - [TEST_STEP][PASSED] - if (elementsWithText.size() > 0): null

2023-11-14 11:09:27 - [TEST_STEP][PASSED] - elementsWithText[0].click(): null

2023-11-14 11:09:27 - [TEST_STEP][PASSED] - click(findTestObject("Billing-Account-Num/Button-List/Button-List-Dropdwn")): Object: 'Object Repository/Billing-Account-Num/Button-List/Button-List-Dropdwn' is clicked on

2023-11-14 11:09:30 - [MESSAGE][PASSED] - Object: 'Object Repository/Billing-Account-Num/Button-List/Button-List-Dropdwn' is clicked on

2023-11-14 11:09:30 - [TEST_STEP][PASSED] - click(findTestObject("Billing-Account-Num/Button-List/Concession")): Object: 'Object Repository/Billing-Account-Num/Button-List/Concession' is clicked on

2023-11-14 11:09:31 - [MESSAGE][PASSED] - Object: 'Object Repository/Billing-Account-Num/Button-List/Concession' is clicked on

2023-11-14 11:09:31 - [TEST_STEP][PASSED] - switchToFrame(findTestObject("IFrames/Concession/Concession-Managment"), 10): null

2023-11-14 11:09:32 - [TEST_STEP][PASSED] - check(findTestObject("IFrames/Concession/Yes-Radio-Button")): Object 'Object Repository/IFrames/Concession/Yes-Radio-Button' is checked

2023-11-14 11:09:33 - [MESSAGE][PASSED] - Object 'Object Repository/IFrames/Concession/Yes-Radio-Button' is checked

2023-11-14 11:09:33 - [TEST_STEP][PASSED] - click(findTestObject("IFrames/Concession/Next-Button")): Object: 'Object Repository/IFrames/Concession/Next-Button' is clicked on

2023-11-14 11:09:33 - [MESSAGE][PASSED] - Object: 'Object Repository/IFrames/Concession/Next-Button' is clicked on

2023-11-14 11:09:33 - [TEST_STEP][PASSED] - check(findTestObject("IFrames/Concession/Yes-Remove-Radio-Button")): Object 'Object Repository/IFrames/Concession/Yes-Remove-Radio-Button' is checked

2023-11-14 11:09:35 - [MESSAGE][PASSED] - Object 'Object Repository/IFrames/Concession/Yes-Remove-Radio-Button' is checked

2023-11-14 11:09:35 - [TEST_STEP][PASSED] - click(findTestObject("IFrames/Concession/Next-Button")): Object: 'Object Repository/IFrames/Concession/Next-Button' is clicked on

2023-11-14 11:09:35 - [MESSAGE][PASSED] - Object: 'Object Repository/IFrames/Concession/Next-Button' is clicked on

2023-11-14 11:09:35 - [TEST_STEP][PASSED] - click(findTestObject("IFrames/Concession/Next-Button")): Object: 'Object Repository/IFrames/Concession/Next-Button' is clicked on

2023-11-14 11:09:41 - [MESSAGE][PASSED] - Object: 'Object Repository/IFrames/Concession/Next-Button' is clicked on

2023-11-14 11:09:41 - [TEST_STEP][PASSED] - delay(10): Delayed 10 second(s)

2023-11-14 11:09:52 - [MESSAGE][PASSED] - Delayed 10 second(s)

2023-11-14 11:09:52 - [TEST_STEP][PASSED] - check(findTestObject("IFrames/Concession/David-Wrenn")): Object 'Object Repository/IFrames/Concession/David-Wrenn' is checked

2023-11-14 11:09:52 - [MESSAGE][PASSED] - Object 'Object Repository/IFrames/Concession/David-Wrenn' is checked

2023-11-14 11:09:52 - [TEST_STEP][PASSED] - click(findTestObject("IFrames/Concession/Concession-Type")): Object: 'Object Repository/IFrames/Concession/Concession-Type' is clicked on

2023-11-14 11:09:52 - [MESSAGE][PASSED] - Object: 'Object Repository/IFrames/Concession/Concession-Type' is clicked on

2023-11-14 11:09:52 - [TEST_STEP][PASSED] - click(findTestObject("IFrames/Concession/Account-Holder")): Object: 'Object Repository/IFrames/Concession/Account-Holder' is clicked on

2023-11-14 11:09:52 - [MESSAGE][PASSED] - Object: 'Object Repository/IFrames/Concession/Account-Holder' is clicked on

2023-11-14 11:09:52 - [TEST_STEP][PASSED] - click(findTestObject("IFrames/Concession/Next-Button")): Object: 'Object Repository/IFrames/Concession/Next-Button' is clicked on

2023-11-14 11:09:52 - [MESSAGE][PASSED] - Object: 'Object Repository/IFrames/Concession/Next-Button' is clicked on

2023-11-14 11:09:52 - [TEST_STEP][PASSED] - check(findTestObject("IFrames/Concession/Privacy-Statement-CheckBox")): Object 'Object Repository/IFrames/Concession/Privacy-Statement-CheckBox' is checked

2023-11-14 11:09:53 - [MESSAGE][PASSED] - Object 'Object Repository/IFrames/Concession/Privacy-Statement-CheckBox' is checked

2023-11-14 11:09:53 - [TEST_STEP][PASSED] - setText(findTestObject("IFrames/Concession/Concession-Card-Num"), "305237600C"): Text '305237600C' is set on object 'Object Repository/IFrames/Concession/Concession-Card-Num'

2023-11-14 11:09:53 - [MESSAGE][PASSED] - Text '305237600C' is set on object 'Object Repository/IFrames/Concession/Concession-Card-Num'

2023-11-14 11:09:53 - [TEST_STEP][PASSED] - click(findTestObject("IFrames/Concession/Concession-Card-Type")): Object: 'Object Repository/IFrames/Concession/Concession-Card-Type' is clicked on

2023-11-14 11:09:53 - [MESSAGE][PASSED] - Object: 'Object Repository/IFrames/Concession/Concession-Card-Type' is clicked on

2023-11-14 11:09:53 - [TEST_STEP][PASSED] - click(findTestObject("IFrames/Concession/Pensioner-Concession-Card")): Object: 'Object Repository/IFrames/Concession/Pensioner-Concession-Card' is clicked on

2023-11-14 11:09:54 - [MESSAGE][PASSED] - Object: 'Object Repository/IFrames/Concession/Pensioner-Concession-Card' is clicked on

2023-11-14 11:09:54 - [TEST_STEP][PASSED] - click(findTestObject("IFrames/Concession/Next-Button")): Object: 'Object Repository/IFrames/Concession/Next-Button' is clicked on

2023-11-14 11:09:54 - [MESSAGE][PASSED] - Object: 'Object Repository/IFrames/Concession/Next-Button' is clicked on

2023-11-14 11:09:54 - [TEST_STEP][PASSED] - check(findTestObject("IFrames/Concession/Yes-Add-Concession-Radio-Button")): Object 'Object Repository/IFrames/Concession/Yes-Add-Concession-Radio-Button' is checked

2023-11-14 11:09:55 - [MESSAGE][PASSED] - Object 'Object Repository/IFrames/Concession/Yes-Add-Concession-Radio-Button' is checked

2023-11-14 11:09:55 - [TEST_STEP][PASSED] - click(findTestObject("IFrames/Concession/Next-Button")): Object: 'Object Repository/IFrames/Concession/Next-Button' is clicked on

2023-11-14 11:09:55 - [MESSAGE][PASSED] - Object: 'Object Repository/IFrames/Concession/Next-Button' is clicked on

2023-11-14 11:09:55 - [TEST_STEP][PASSED] - verifyElementPresent(findTestObject("IFrames/Concession/Successfuly-Added"), 0): Object 'Object Repository/IFrames/Concession/Successfuly-Added' is present

2023-11-14 11:09:55 - [MESSAGE][WARNING] - Timeout '0' is invalid. Using default page load timeout: '30'

2023-11-14 11:10:00 - [MESSAGE][PASSED] - Object 'Object Repository/IFrames/Concession/Successfuly-Added' is present

2023-11-14 11:10:00 - [TEST_STEP][PASSED] - click(findTestObject("IFrames/Concession/Next-Button")): Object: 'Object Repository/IFrames/Concession/Next-Button' is clicked on

2023-11-14 11:10:00 - [MESSAGE][PASSED] - Object: 'Object Repository/IFrames/Concession/Next-Button' is clicked on

2023-11-14 11:10:00 - [TEST_STEP][PASSED] - click(findTestObject("IFrames/Concession/Finish")): Object: 'Object Repository/IFrames/Concession/Finish' is clicked on

2023-11-14 11:10:00 - [MESSAGE][PASSED] - Object: 'Object Repository/IFrames/Concession/Finish' is clicked on

2023-11-14 11:10:00 - [TEST_STEP][PASSED] - closeBrowser(): Browser is closed

2023-11-14 11:10:01 - [MESSAGE][PASSED] - Browser is closed]]></system-out>
         <system-err><![CDATA[]]></system-err>
      </testcase>
      <testcase name="Test Cases/Concession-Managment/STM-2485/STM-2485-Iteration5" time="86.581" classname="Test Cases/Concession-Managment/STM-2485/STM-2485-Iteration5" status="PASSED">
         <system-out><![CDATA[2023-11-14 11:10:01 - [TEST_CASE][PASSED] - Test Cases/Concession-Managment/STM-2485/STM-2485-Iteration5: Test Cases/Concession-Managment/STM-2485/STM-2485-Iteration5

2023-11-14 11:10:02 - [TEST_STEP][PASSED] - openBrowser(""): Browser is opened with url: ''

2023-11-14 11:10:02 - [MESSAGE][INFO] - Starting 'Chrome' driver

2023-11-14 11:10:02 - [MESSAGE][INFO] - Action delay is set to 0 milliseconds

2023-11-14 11:10:03 - [MESSAGE][PASSED] - Browser is opened with url: ''

2023-11-14 11:10:03 - [TEST_STEP][PASSED] - maximizeWindow(): Current window maximized

2023-11-14 11:10:03 - [MESSAGE][PASSED] - Current window maximized

2023-11-14 11:10:03 - [TEST_STEP][PASSED] - navigateToUrl("https://southeastwater--full2.sandbox.lightning.force.com/lightning/page/home"): Navigate to 'https://southeastwater--full2.sandbox.lightning.force.com/lightning/page/home' successfully

2023-11-14 11:10:04 - [MESSAGE][PASSED] - Navigate to 'https://southeastwater--full2.sandbox.lightning.force.com/lightning/page/home' successfully

2023-11-14 11:10:04 - [TEST_STEP][PASSED] - waitForPageLoad(10, STOP_ON_FAILURE): Wait for page load successfully

2023-11-14 11:10:04 - [MESSAGE][PASSED] - Wait for page load successfully

2023-11-14 11:10:04 - [TEST_STEP][PASSED] - click(findTestObject("Page_Login  Salesforce/Input-Username")): Object: 'Object Repository/Page_Login  Salesforce/Input-Username' is clicked on

2023-11-14 11:10:05 - [MESSAGE][PASSED] - Object: 'Object Repository/Page_Login  Salesforce/Input-Username' is clicked on

2023-11-14 11:10:05 - [TEST_STEP][PASSED] - setText(findTestObject("Page_Login  Salesforce/input-username-Text"), "hamid.samavat@kjr.com.au"): Text 'hamid.samavat@kjr.com.au' is set on object 'Object Repository/Page_Login  Salesforce/input-username-Text'

2023-11-14 11:10:06 - [MESSAGE][PASSED] - Text 'hamid.samavat@kjr.com.au' is set on object 'Object Repository/Page_Login  Salesforce/input-username-Text'

2023-11-14 11:10:06 - [TEST_STEP][PASSED] - click(findTestObject("Page_Login  Salesforce/input-username-next")): Object: 'Object Repository/Page_Login  Salesforce/input-username-next' is clicked on

2023-11-14 11:10:06 - [MESSAGE][PASSED] - Object: 'Object Repository/Page_Login  Salesforce/input-username-next' is clicked on

2023-11-14 11:10:06 - [TEST_STEP][PASSED] - click(findTestObject("Page_Login  Salesforce/input_Password_pw")): Object: 'Object Repository/Page_Login  Salesforce/input_Password_pw' is clicked on

2023-11-14 11:10:07 - [MESSAGE][PASSED] - Object: 'Object Repository/Page_Login  Salesforce/input_Password_pw' is clicked on

2023-11-14 11:10:07 - [TEST_STEP][PASSED] - setEncryptedText(findTestObject("Object Repository/Page_Login  Salesforce/input_Password_pw"), "1SfOns6koWoi404fwi/OCQ=="): Text ****** has been set on object 'Object Repository/Page_Login  Salesforce/input_Password_pw'

2023-11-14 11:10:08 - [MESSAGE][PASSED] - Text ****** has been set on object 'Object Repository/Page_Login  Salesforce/input_Password_pw'

2023-11-14 11:10:08 - [TEST_STEP][PASSED] - click(findTestObject("Object Repository/Page_Login  Salesforce/input_Password_Login")): Object: 'Object Repository/Page_Login  Salesforce/input_Password_Login' is clicked on

2023-11-14 11:10:09 - [MESSAGE][PASSED] - Object: 'Object Repository/Page_Login  Salesforce/input_Password_Login' is clicked on

2023-11-14 11:10:09 - [TEST_STEP][PASSED] - delay(15): Delayed 15 second(s)

2023-11-14 11:10:24 - [MESSAGE][PASSED] - Delayed 15 second(s)

2023-11-14 11:10:24 - [TEST_STEP][PASSED] - click(findTestObject("Page_Login  Salesforce/Yes button")): Object: 'Object Repository/Page_Login  Salesforce/Yes button' is clicked on

2023-11-14 11:10:24 - [MESSAGE][PASSED] - Object: 'Object Repository/Page_Login  Salesforce/Yes button' is clicked on

2023-11-14 11:10:24 - [TEST_STEP][PASSED] - click(findTestObject("home page/Gear icon")): Object: 'Object Repository/home page/Gear icon' is clicked on

2023-11-14 11:10:30 - [MESSAGE][PASSED] - Object: 'Object Repository/home page/Gear icon' is clicked on

2023-11-14 11:10:30 - [TEST_STEP][PASSED] - click(findTestObject("home page/Setup")): Object: 'Object Repository/home page/Setup' is clicked on

2023-11-14 11:10:31 - [MESSAGE][PASSED] - Object: 'Object Repository/home page/Setup' is clicked on

2023-11-14 11:10:31 - [TEST_STEP][PASSED] - click(findTestObject("Home-Setup/Search")): Object: 'Object Repository/Home-Setup/Search' is clicked on

2023-11-14 11:10:33 - [MESSAGE][PASSED] - Object: 'Object Repository/Home-Setup/Search' is clicked on

2023-11-14 11:10:33 - [TEST_STEP][PASSED] - switchToWindowIndex(1): Switched to window with index: '1'

2023-11-14 11:10:33 - [MESSAGE][PASSED] - Switched to window with index: '1'

2023-11-14 11:10:33 - [TEST_STEP][PASSED] - setText(findTestObject("Home-Setup/Search-add-values"), "Diana Turney"): Text 'Diana Turney' is set on object 'Object Repository/Home-Setup/Search-add-values'

2023-11-14 11:10:34 - [MESSAGE][PASSED] - Text 'Diana Turney' is set on object 'Object Repository/Home-Setup/Search-add-values'

2023-11-14 11:10:34 - [TEST_STEP][PASSED] - sendKeys(findTestObject("Home-Setup/Search-add-values"), Keys.chord(ENTER)): Keys 'ENTER + ' sent to object: 'Object Repository/Home-Setup/Search-add-values'

2023-11-14 11:10:37 - [MESSAGE][PASSED] - Keys 'ENTER + ' sent to object: 'Object Repository/Home-Setup/Search-add-values'

2023-11-14 11:10:37 - [TEST_STEP][PASSED] - waitForElementClickable(findTestObject("Home-Setup/Diana Turney"), 10): Object 'Object Repository/Home-Setup/Diana Turney' is clickable

2023-11-14 11:10:40 - [MESSAGE][PASSED] - Object 'Object Repository/Home-Setup/Diana Turney' is clickable

2023-11-14 11:10:40 - [TEST_STEP][PASSED] - click(findTestObject("Home-Setup/Diana Turney")): Object: 'Object Repository/Home-Setup/Diana Turney' is clicked on

2023-11-14 11:10:41 - [MESSAGE][PASSED] - Object: 'Object Repository/Home-Setup/Diana Turney' is clicked on

2023-11-14 11:10:41 - [TEST_STEP][PASSED] - waitForElementPresent(findTestObject("IFrames/setup-users"), 10): Object 'Object Repository/IFrames/setup-users' is present

2023-11-14 11:10:42 - [MESSAGE][PASSED] - Object 'Object Repository/IFrames/setup-users' is present

2023-11-14 11:10:42 - [TEST_STEP][PASSED] - switchToFrame(findTestObject("IFrames/setup-users"), 10): null

2023-11-14 11:10:43 - [TEST_STEP][PASSED] - click(findTestObject("IFrames/login button")): Object: 'Object Repository/IFrames/login button' is clicked on

2023-11-14 11:10:43 - [MESSAGE][PASSED] - Object: 'Object Repository/IFrames/login button' is clicked on

2023-11-14 11:10:43 - [TEST_STEP][PASSED] - switchToDefaultContent(): null

2023-11-14 11:10:43 - [TEST_STEP][PASSED] - delay(10, STOP_ON_FAILURE): Delayed 10 second(s)

2023-11-14 11:10:53 - [MESSAGE][PASSED] - Delayed 10 second(s)

2023-11-14 11:10:53 - [TEST_STEP][PASSED] - click(findTestObject("Service-Console/search catagory")): Object: 'Object Repository/Service-Console/search catagory' is clicked on

2023-11-14 11:10:53 - [MESSAGE][PASSED] - Object: 'Object Repository/Service-Console/search catagory' is clicked on

2023-11-14 11:10:53 - [TEST_STEP][PASSED] - click(findTestObject("Service-Console/Billing-Account-Search-Box")): Object: 'Object Repository/Service-Console/Billing-Account-Search-Box' is clicked on

2023-11-14 11:10:54 - [MESSAGE][PASSED] - Object: 'Object Repository/Service-Console/Billing-Account-Search-Box' is clicked on

2023-11-14 11:10:54 - [TEST_STEP][PASSED] - waitForElementPresent(findTestObject("Service-Console/Search box"), 10): Object 'Object Repository/Service-Console/Search box' is present

2023-11-14 11:10:55 - [MESSAGE][PASSED] - Object 'Object Repository/Service-Console/Search box' is present

2023-11-14 11:10:55 - [TEST_STEP][PASSED] - setText(findTestObject("Service-Console/Search box"), "1834935"): Text '1834935' is set on object 'Object Repository/Service-Console/Search box'

2023-11-14 11:10:55 - [MESSAGE][PASSED] - Text '1834935' is set on object 'Object Repository/Service-Console/Search box'

2023-11-14 11:10:55 - [TEST_STEP][PASSED] - sendKeys(findTestObject("Service-Console/Search box"), Keys.chord(ENTER)): Keys 'ENTER + ' sent to object: 'Object Repository/Service-Console/Search box'

2023-11-14 11:10:56 - [MESSAGE][PASSED] - Keys 'ENTER + ' sent to object: 'Object Repository/Service-Console/Search box'

2023-11-14 11:10:56 - [TEST_STEP][PASSED] - waitForElementClickable(findTestObject("Service-Console/Billing-Account"), 10): Object 'Object Repository/Service-Console/Billing-Account' is clickable

2023-11-14 11:10:57 - [MESSAGE][PASSED] - Object 'Object Repository/Service-Console/Billing-Account' is clickable

2023-11-14 11:10:57 - [TEST_STEP][PASSED] - elementsWithText = getWebDriver().findElements(By.xpath("//a[@title="1834935"]")): null

2023-11-14 11:10:58 - [TEST_STEP][PASSED] - if (elementsWithText.size() > 0): null

2023-11-14 11:10:58 - [TEST_STEP][PASSED] - elementsWithText[0].click(): null

2023-11-14 11:10:58 - [TEST_STEP][PASSED] - click(findTestObject("Billing-Account-Num/Button-List/Button-List-Dropdwn")): Object: 'Object Repository/Billing-Account-Num/Button-List/Button-List-Dropdwn' is clicked on

2023-11-14 11:11:00 - [MESSAGE][PASSED] - Object: 'Object Repository/Billing-Account-Num/Button-List/Button-List-Dropdwn' is clicked on

2023-11-14 11:11:00 - [TEST_STEP][PASSED] - click(findTestObject("Billing-Account-Num/Button-List/Concession")): Object: 'Object Repository/Billing-Account-Num/Button-List/Concession' is clicked on

2023-11-14 11:11:00 - [MESSAGE][PASSED] - Object: 'Object Repository/Billing-Account-Num/Button-List/Concession' is clicked on

2023-11-14 11:11:00 - [TEST_STEP][PASSED] - switchToFrame(findTestObject("IFrames/Concession/Concession-Managment"), 10): null

2023-11-14 11:11:02 - [TEST_STEP][PASSED] - delay(10): Delayed 10 second(s)

2023-11-14 11:11:12 - [MESSAGE][PASSED] - Delayed 10 second(s)

2023-11-14 11:11:12 - [TEST_STEP][PASSED] - check(findTestObject("IFrames/Concession/Justin-Halcon-Fleur-Colcheedas")): Object 'Object Repository/IFrames/Concession/Justin-Halcon-Fleur-Colcheedas' is checked

2023-11-14 11:11:12 - [MESSAGE][PASSED] - Object 'Object Repository/IFrames/Concession/Justin-Halcon-Fleur-Colcheedas' is checked

2023-11-14 11:11:12 - [TEST_STEP][PASSED] - click(findTestObject("IFrames/Concession/Concession-Type")): Object: 'Object Repository/IFrames/Concession/Concession-Type' is clicked on

2023-11-14 11:11:12 - [MESSAGE][PASSED] - Object: 'Object Repository/IFrames/Concession/Concession-Type' is clicked on

2023-11-14 11:11:12 - [TEST_STEP][PASSED] - click(findTestObject("IFrames/Concession/Account-Holder")): Object: 'Object Repository/IFrames/Concession/Account-Holder' is clicked on

2023-11-14 11:11:12 - [MESSAGE][PASSED] - Object: 'Object Repository/IFrames/Concession/Account-Holder' is clicked on

2023-11-14 11:11:12 - [TEST_STEP][PASSED] - click(findTestObject("IFrames/Concession/Next-Button")): Object: 'Object Repository/IFrames/Concession/Next-Button' is clicked on

2023-11-14 11:11:12 - [MESSAGE][PASSED] - Object: 'Object Repository/IFrames/Concession/Next-Button' is clicked on

2023-11-14 11:11:12 - [TEST_STEP][PASSED] - check(findTestObject("IFrames/Concession/Privacy-Statement-CheckBox")): Object 'Object Repository/IFrames/Concession/Privacy-Statement-CheckBox' is checked

2023-11-14 11:11:13 - [MESSAGE][PASSED] - Object 'Object Repository/IFrames/Concession/Privacy-Statement-CheckBox' is checked

2023-11-14 11:11:13 - [TEST_STEP][PASSED] - setText(findTestObject("IFrames/Concession/Concession-Card-Num"), "4035324226C"): Text '4035324226C' is set on object 'Object Repository/IFrames/Concession/Concession-Card-Num'

2023-11-14 11:11:13 - [MESSAGE][PASSED] - Text '4035324226C' is set on object 'Object Repository/IFrames/Concession/Concession-Card-Num'

2023-11-14 11:11:13 - [TEST_STEP][PASSED] - click(findTestObject("IFrames/Concession/Concession-Card-Type")): Object: 'Object Repository/IFrames/Concession/Concession-Card-Type' is clicked on

2023-11-14 11:11:14 - [MESSAGE][PASSED] - Object: 'Object Repository/IFrames/Concession/Concession-Card-Type' is clicked on

2023-11-14 11:11:14 - [TEST_STEP][PASSED] - click(findTestObject("IFrames/Concession/Health-Care-Card")): Object: 'Object Repository/IFrames/Concession/Health-Care-Card' is clicked on

2023-11-14 11:11:14 - [MESSAGE][PASSED] - Object: 'Object Repository/IFrames/Concession/Health-Care-Card' is clicked on

2023-11-14 11:11:14 - [TEST_STEP][PASSED] - click(findTestObject("IFrames/Concession/Next-Button")): Object: 'Object Repository/IFrames/Concession/Next-Button' is clicked on

2023-11-14 11:11:14 - [MESSAGE][PASSED] - Object: 'Object Repository/IFrames/Concession/Next-Button' is clicked on

2023-11-14 11:11:14 - [TEST_STEP][PASSED] - check(findTestObject("IFrames/Concession/Yes-Add-Concession-Radio-Button")): Object 'Object Repository/IFrames/Concession/Yes-Add-Concession-Radio-Button' is checked

2023-11-14 11:11:15 - [MESSAGE][PASSED] - Object 'Object Repository/IFrames/Concession/Yes-Add-Concession-Radio-Button' is checked

2023-11-14 11:11:15 - [TEST_STEP][PASSED] - click(findTestObject("IFrames/Concession/Next-Button")): Object: 'Object Repository/IFrames/Concession/Next-Button' is clicked on

2023-11-14 11:11:15 - [MESSAGE][PASSED] - Object: 'Object Repository/IFrames/Concession/Next-Button' is clicked on

2023-11-14 11:11:15 - [TEST_STEP][PASSED] - delay(10): Delayed 10 second(s)

2023-11-14 11:11:25 - [MESSAGE][PASSED] - Delayed 10 second(s)

2023-11-14 11:11:25 - [TEST_STEP][PASSED] - verifyElementPresent(findTestObject("IFrames/Concession/Not-Successfully-Added"), 0): Object 'Object Repository/IFrames/Concession/Not-Successfully-Added' is present

2023-11-14 11:11:25 - [MESSAGE][WARNING] - Timeout '0' is invalid. Using default page load timeout: '30'

2023-11-14 11:11:26 - [MESSAGE][PASSED] - Object 'Object Repository/IFrames/Concession/Not-Successfully-Added' is present

2023-11-14 11:11:26 - [TEST_STEP][PASSED] - NotSuccessfullyAdded = getText(findTestObject("IFrames/Concession/Not-Successfully-Added")): Text of object 'Object Repository/IFrames/Concession/Not-Successfully-Added' is: 'The concession was not successfully added to the billing account. An error occurred at the billing system.'

2023-11-14 11:11:26 - [MESSAGE][PASSED] - Text of object 'Object Repository/IFrames/Concession/Not-Successfully-Added' is: 'The concession was not successfully added to the billing account. An error occurred at the billing system.'

2023-11-14 11:11:26 - [TEST_STEP][PASSED] - out.println(NotSuccessfullyAdded + "****"): null

2023-11-14 11:11:26 - [TEST_STEP][PASSED] - takeFullPageScreenshot(): Taking screenshot successfully

2023-11-14 11:11:27 - [MESSAGE][INFO] - 0 hidden object(s)

2023-11-14 11:11:27 - [MESSAGE][PASSED] - Taking screenshot successfully
[[ATTACHMENT|C:\\Users\\HamidSamavat\\Desktop\\Katalon\\Salesforce-MFA-Login-main\\Salesforce-MFA-Login-main\\Reports\\20231114_110821\\STM-2485\\20231114_110821\\1699920686128.png]]

2023-11-14 11:11:27 - [TEST_STEP][PASSED] - closeBrowser(): Browser is closed

2023-11-14 11:11:28 - [MESSAGE][PASSED] - Browser is closed]]></system-out>
         <system-err><![CDATA[]]></system-err>
      </testcase>
      <system-out><![CDATA[2023-11-14 11:08:24 - [TEST_SUITE][PASSED] - STM-2485: Test Cases/Concession-Managment/STM-2485/STM-2485-Iteration5]]></system-out>
      <system-err><![CDATA[]]></system-err>
   </testsuite>
</testsuites>
