<?xml version="1.0" encoding="UTF-8"?>
<testsuites name="STM-2485" time="2.18" tests="1" failures="0" errors="0">
   <testsuite name="STM-2485" tests="1" failures="0" errors="0" time="2.18" skipped="0" timestamp="2023-11-15 13:53:24" hostname="HamidSamavat - DESKTOP-BG27TAB" id="Test Suites/STM-2485">
      <properties>
         <property name="deviceName" value=""/>
         <property name="devicePlatform" value=""/>
         <property name="logFolder" value="C:\\Users\\HamidSamavat\\Desktop\\Katalon\\Salesforce-MFA-Login-main\\Salesforce-MFA-Login-main\\Reports\\20231115_135315\\STM-2485\\20231115_135315"/>
         <property name="logFiles" value="C:\\Users\\HamidSamavat\\Desktop\\Katalon\\Salesforce-MFA-Login-main\\Salesforce-MFA-Login-main\\Reports\\20231115_135315\\STM-2485\\20231115_135315\\execution0.log"/>
         <property name="attachments" value=""/>
         <property name="hostName" value="HamidSamavat - DESKTOP-BG27TAB"/>
         <property name="hostAddress" value="192.168.1.127"/>
         <property name="os" value="Windows 10 64bit"/>
         <property name="katalonVersion" value="8.6.8.208"/>
      </properties>
      <testcase name="Test Cases/Concession-Managment/STM-2485/STM-2485-Iteration1-BDD" time="1.69" classname="Test Cases/Concession-Managment/STM-2485/STM-2485-Iteration1-BDD" status="PASSED">
         <system-out><![CDATA[2023-11-15 13:53:24 - [TEST_CASE][PASSED] - Test Cases/Concession-Managment/STM-2485/STM-2485-Iteration1-BDD: Test Cases/Concession-Managment/STM-2485/STM-2485-Iteration1-BDD

2023-11-15 13:53:25 - [TEST_STEP][PASSED] - runFeatureFile("Include/features/STM-2485/Iteration1.feature"): Feature file: 'Include/features/STM-2485/Iteration1.feature' was passed

2023-11-15 13:53:25 - [MESSAGE][INFO] - Starting run keyword runFeatureFile: 'Include/features/STM-2485/Iteration1.feature' and extract report to folder: 'C:\Users\HamidSamavat\Desktop\Katalon\Salesforce-MFA-Login-main\Salesforce-MFA-Login-main\Reports\20231115_135315\STM-2485\20231115_135315/cucumber_report/1700016805385'...

2023-11-15 13:53:26 - [MESSAGE][PASSED] - Feature file: 'Include/features/STM-2485/Iteration1.feature' was passed]]></system-out>
         <system-err><![CDATA[]]></system-err>
      </testcase>
      <system-out><![CDATA[2023-11-15 13:53:24 - [TEST_SUITE][PASSED] - STM-2485: Test Cases/Concession-Managment/STM-2485/STM-2485-Iteration1-BDD]]></system-out>
      <system-err><![CDATA[]]></system-err>
   </testsuite>
</testsuites>
